#
# There is insufficient memory for the Java Runtime Environment to continue.
# Native memory allocation (malloc) failed to allocate 1538896 bytes for Chunk::new
# Possible reasons:
#   The system is out of physical RAM or swap space
#   In 32 bit mode, the process size limit was hit
# Possible solutions:
#   Reduce memory load on the system
#   Increase physical memory or swap space
#   Check if swap backing store is full
#   Use 64 bit Java on a 64 bit OS
#   Decrease Java heap size (-Xmx/-Xms)
#   Decrease number of Java threads
#   Decrease Java thread stack sizes (-Xss)
#   Set larger code cache with -XX:ReservedCodeCacheSize=
# This output file may be truncated or incomplete.
#
#  Out of Memory Error (allocation.cpp:390), pid=17292, tid=0x0000000000002d78
#
# JRE version: Java(TM) SE Runtime Environment (8.0_161-b12) (build 1.8.0_161-b12)
# Java VM: Java HotSpot(TM) 64-Bit Server VM (25.161-b12 mixed mode windows-amd64 compressed oops)
# Failed to write core dump. Minidumps are not enabled by default on client versions of Windows
#

---------------  T H R E A D  ---------------

Current thread (0x0000000027a7c000):  JavaThread "C2 CompilerThread2" daemon [_thread_in_native, id=11640, stack(0x00000000292f0000,0x00000000293f0000)]

Stack: [0x00000000292f0000,0x00000000293f0000]
[error occurred during error reporting (printing stack bounds), id 0xc0000005]

Native frames: (J=compiled Java code, j=interpreted, Vv=VM code, C=native code)


Current CompileTask:
C2:   6244 1265       4       jeeb.lib.formats.OPFWriterV2::serializeMeshes (848 bytes)


---------------  P R O C E S S  ---------------

Java Threads: ( => current thread )
  0x0000000027ae6000 JavaThread "Service Thread" daemon [_thread_blocked, id=22728, stack(0x00000000294f0000,0x00000000295f0000)]
  0x0000000027a7d000 JavaThread "C1 CompilerThread3" daemon [_thread_blocked, id=17744, stack(0x00000000293f0000,0x00000000294f0000)]
=>0x0000000027a7c000 JavaThread "C2 CompilerThread2" daemon [_thread_in_native, id=11640, stack(0x00000000292f0000,0x00000000293f0000)]
  0x0000000027a79800 JavaThread "C2 CompilerThread1" daemon [_thread_blocked, id=20000, stack(0x00000000291f0000,0x00000000292f0000)]
  0x0000000027a74800 JavaThread "C2 CompilerThread0" daemon [_thread_blocked, id=18476, stack(0x00000000290f0000,0x00000000291f0000)]
  0x0000000027a71000 JavaThread "Attach Listener" daemon [_thread_blocked, id=18736, stack(0x0000000028ff0000,0x00000000290f0000)]
  0x0000000027a70000 JavaThread "Signal Dispatcher" daemon [_thread_blocked, id=18528, stack(0x0000000028ef0000,0x0000000028ff0000)]
  0x0000000027a63000 JavaThread "Finalizer" daemon [_thread_blocked, id=16972, stack(0x0000000028cd0000,0x0000000028dd0000)]
  0x000000000332b000 JavaThread "Reference Handler" daemon [_thread_blocked, id=25276, stack(0x0000000028bd0000,0x0000000028cd0000)]
  0x0000000003232800 JavaThread "main" [_thread_in_Java, id=23476, stack(0x0000000003130000,0x0000000003230000)]

Other Threads:
  0x0000000026386800 VMThread [stack: 0x0000000028ad0000,0x0000000028bd0000] [id=22428]
  0x0000000027af6800 WatcherThread [stack: 0x00000000295f0000,0x00000000296f0000] [id=24168]

VM state:not at safepoint (normal execution)

VM Mutex/Monitor currently owned by a thread: None

Heap:
 PSYoungGen      total 283648K, used 83949K [0x0000000716900000, 0x0000000739300000, 0x00000007c0000000)
  eden space 262144K, 23% used [0x0000000716900000,0x000000071a5fc7a0,0x0000000726900000)
  from space 21504K, 99% used [0x0000000726900000,0x0000000727dfee90,0x0000000727e00000)
  to   space 21504K, 0% used [0x0000000737e00000,0x0000000737e00000,0x0000000739300000)
 ParOldGen       total 348160K, used 96030K [0x00000005c3a00000, 0x00000005d8e00000, 0x0000000716900000)
  object space 348160K, 27% used [0x00000005c3a00000,0x00000005c97c7a98,0x00000005d8e00000)
 Metaspace       used 6480K, capacity 6644K, committed 6912K, reserved 1056768K
  class space    used 653K, capacity 728K, committed 768K, reserved 1048576K

Card table byte_map: [0x00000000126f0000,0x00000000136e0000] byte_map_base: 0x000000000f8d3000

Marking Bits: (ParMarkBitMap*) 0x00000000555cf860
 Begin Bits: [0x0000000014b80000, 0x000000001ca98000)
 End Bits:   [0x000000001ca98000, 0x00000000249b0000)

Polling page: 0x00000000014b0000

CodeCache: size=245760Kb used=5651Kb max_used=5679Kb free=240108Kb
 bounds [0x0000000003330000, 0x00000000038d0000, 0x0000000012330000]
 total_blobs=1585 nmethods=1259 adapters=239
 compilation: enabled

Compilation events (10 events):
Event: 5.694 Thread 0x0000000027a74800 nmethod 1261 0x0000000003894f90 code [0x00000000038950e0, 0x00000000038954d8]
Event: 5.701 Thread 0x0000000027a79800 nmethod 1259 0x0000000003897890 code [0x0000000003897a80, 0x0000000003899548]
Event: 5.733 Thread 0x0000000027a7c000 nmethod 1253% 0x000000000389f510 code [0x000000000389f8a0, 0x00000000038a2b38]
Event: 5.740 Thread 0x0000000027a74800 1262 %     4       jeeb.lib.formats.OPFWriterV2::serializeMeshes @ 625 (848 bytes)
Event: 5.879 Thread 0x0000000027a79800 1263       4       sun.misc.FloatingDecimal$ExceptionalBinaryToASCIIBuffer::appendTo (59 bytes)
Event: 5.884 Thread 0x0000000027a79800 nmethod 1263 0x0000000003896d50 code [0x0000000003896ea0, 0x0000000003897398]
Event: 5.903 Thread 0x0000000027a7d000 1264       3       jeeb.lib.formats.OPFWriterV2::writeXML (778 bytes)
Event: 5.913 Thread 0x0000000027a7d000 nmethod 1264 0x00000000038a4810 code [0x00000000038a57e0, 0x00000000038b26f8]
Event: 5.963 Thread 0x0000000027a74800 nmethod 1262% 0x00000000038c0590 code [0x00000000038c09e0, 0x00000000038c4b88]
Event: 5.980 Thread 0x0000000027a7c000 1265       4       jeeb.lib.formats.OPFWriterV2::serializeMeshes (848 bytes)

GC Heap History (6 events):
Event: 2.443 GC heap before
{Heap before GC invocations=1 (full 0):
 PSYoungGen      total 152576K, used 131072K [0x0000000716900000, 0x0000000721300000, 0x00000007c0000000)
  eden space 131072K, 100% used [0x0000000716900000,0x000000071e900000,0x000000071e900000)
  from space 21504K, 0% used [0x000000071fe00000,0x000000071fe00000,0x0000000721300000)
  to   space 21504K, 0% used [0x000000071e900000,0x000000071e900000,0x000000071fe00000)
 ParOldGen       total 348160K, used 0K [0x00000005c3a00000, 0x00000005d8e00000, 0x0000000716900000)
  object space 348160K, 0% used [0x00000005c3a00000,0x00000005c3a00000,0x00000005d8e00000)
 Metaspace       used 5258K, capacity 5440K, committed 5760K, reserved 1056768K
  class space    used 523K, capacity 560K, committed 640K, reserved 1048576K
Event: 2.717 GC heap after
Heap after GC invocations=1 (full 0):
 PSYoungGen      total 152576K, used 21472K [0x0000000716900000, 0x0000000729300000, 0x00000007c0000000)
  eden space 131072K, 0% used [0x0000000716900000,0x0000000716900000,0x000000071e900000)
  from space 21504K, 99% used [0x000000071e900000,0x000000071fdf8020,0x000000071fe00000)
  to   space 21504K, 0% used [0x0000000727e00000,0x0000000727e00000,0x0000000729300000)
 ParOldGen       total 348160K, used 30264K [0x00000005c3a00000, 0x00000005d8e00000, 0x0000000716900000)
  object space 348160K, 8% used [0x00000005c3a00000,0x00000005c578e0d8,0x00000005d8e00000)
 Metaspace       used 5258K, capacity 5440K, committed 5760K, reserved 1056768K
  class space    used 523K, capacity 560K, committed 640K, reserved 1048576K
}
Event: 4.341 GC heap before
{Heap before GC invocations=2 (full 0):
 PSYoungGen      total 152576K, used 152544K [0x0000000716900000, 0x0000000729300000, 0x00000007c0000000)
  eden space 131072K, 100% used [0x0000000716900000,0x000000071e900000,0x000000071e900000)
  from space 21504K, 99% used [0x000000071e900000,0x000000071fdf8020,0x000000071fe00000)
  to   space 21504K, 0% used [0x0000000727e00000,0x0000000727e00000,0x0000000729300000)
 ParOldGen       total 348160K, used 30264K [0x00000005c3a00000, 0x00000005d8e00000, 0x0000000716900000)
  object space 348160K, 8% used [0x00000005c3a00000,0x00000005c578e0d8,0x00000005d8e00000)
 Metaspace       used 6381K, capacity 6516K, committed 6656K, reserved 1056768K
  class space    used 649K, capacity 728K, committed 768K, reserved 1048576K
Event: 4.480 GC heap after
Heap after GC invocations=2 (full 0):
 PSYoungGen      total 283648K, used 21500K [0x0000000716900000, 0x0000000729300000, 0x00000007c0000000)
  eden space 262144K, 0% used [0x0000000716900000,0x0000000716900000,0x0000000726900000)
  from space 21504K, 99% used [0x0000000727e00000,0x00000007292ff1f8,0x0000000729300000)
  to   space 21504K, 0% used [0x0000000726900000,0x0000000726900000,0x0000000727e00000)
 ParOldGen       total 348160K, used 50179K [0x00000005c3a00000, 0x00000005d8e00000, 0x0000000716900000)
  object space 348160K, 14% used [0x00000005c3a00000,0x00000005c6b00fb0,0x00000005d8e00000)
 Metaspace       used 6381K, capacity 6516K, committed 6656K, reserved 1056768K
  class space    used 649K, capacity 728K, committed 768K, reserved 1048576K
}
Event: 5.804 GC heap before
{Heap before GC invocations=3 (full 0):
 PSYoungGen      total 283648K, used 283644K [0x0000000716900000, 0x0000000729300000, 0x00000007c0000000)
  eden space 262144K, 100% used [0x0000000716900000,0x0000000726900000,0x0000000726900000)
  from space 21504K, 99% used [0x0000000727e00000,0x00000007292ff1f8,0x0000000729300000)
  to   space 21504K, 0% used [0x0000000726900000,0x0000000726900000,0x0000000727e00000)
 ParOldGen       total 348160K, used 50179K [0x00000005c3a00000, 0x00000005d8e00000, 0x0000000716900000)
  object space 348160K, 14% used [0x00000005c3a00000,0x00000005c6b00fb0,0x00000005d8e00000)
 Metaspace       used 6480K, capacity 6644K, committed 6912K, reserved 1056768K
  class space    used 653K, capacity 728K, committed 768K, reserved 1048576K
Event: 5.875 GC heap after
Heap after GC invocations=3 (full 0):
 PSYoungGen      total 283648K, used 21499K [0x0000000716900000, 0x0000000739300000, 0x00000007c0000000)
  eden space 262144K, 0% used [0x0000000716900000,0x0000000716900000,0x0000000726900000)
  from space 21504K, 99% used [0x0000000726900000,0x0000000727dfee90,0x0000000727e00000)
  to   space 21504K, 0% used [0x0000000737e00000,0x0000000737e00000,0x0000000739300000)
 ParOldGen       total 348160K, used 96030K [0x00000005c3a00000, 0x00000005d8e00000, 0x0000000716900000)
  object space 348160K, 27% used [0x00000005c3a00000,0x00000005c97c7a98,0x00000005d8e00000)
 Metaspace       used 6480K, capacity 6644K, committed 6912K, reserved 1056768K
  class space    used 653K, capacity 728K, committed 768K, reserved 1048576K
}

Deoptimization events (10 events):
Event: 3.469 Thread 0x0000000003232800 Uncommon trap: reason=class_check action=maybe_recompile pc=0x000000000369df78 method=java.util.ArrayList.addAll(Ljava/util/Collection;)Z @ 1
Event: 3.470 Thread 0x0000000003232800 Uncommon trap: reason=class_check action=maybe_recompile pc=0x000000000369df78 method=java.util.ArrayList.addAll(Ljava/util/Collection;)Z @ 1
Event: 3.648 Thread 0x0000000003232800 Uncommon trap: reason=unstable_if action=reinterpret pc=0x00000000035d2a14 method=javax.vecmath.Matrix4f.getColumn(ILjavax/vecmath/Vector4f;)V @ 41
Event: 3.698 Thread 0x0000000003232800 Uncommon trap: reason=unstable_if action=reinterpret pc=0x00000000034ec6b8 method=java.lang.Integer.valueOf(I)Ljava/lang/Integer; @ 10
Event: 5.161 Thread 0x0000000003232800 Uncommon trap: reason=class_check action=maybe_recompile pc=0x0000000003637f54 method=java.util.HashMap.putVal(ILjava/lang/Object;Ljava/lang/Object;ZZ)Ljava/lang/Object; @ 253
Event: 5.161 Thread 0x0000000003232800 Uncommon trap: reason=class_check action=maybe_recompile pc=0x0000000003637f54 method=java.util.HashMap.putVal(ILjava/lang/Object;Ljava/lang/Object;ZZ)Ljava/lang/Object; @ 253
Event: 5.183 Thread 0x0000000003232800 Uncommon trap: reason=unstable_if action=reinterpret pc=0x00000000036aad00 method=java.util.HashMap.putVal(ILjava/lang/Object;Ljava/lang/Object;ZZ)Ljava/lang/Object; @ 181
Event: 5.345 Thread 0x0000000003232800 Uncommon trap: reason=unstable_if action=reinterpret pc=0x000000000380727c method=jeeb.lib.structure.ArchiTreeCache.updateCache(Ljeeb/lib/structure/ArchiNode;)V @ 131
Event: 5.445 Thread 0x0000000003232800 Uncommon trap: reason=unstable_if action=reinterpret pc=0x000000000382d2b0 method=sun.nio.cs.SingleByte$Encoder.encodeArrayLoop(Ljava/nio/CharBuffer;Ljava/nio/ByteBuffer;)Ljava/nio/charset/CoderResult; @ 70
Event: 5.636 Thread 0x0000000003232800 Uncommon trap: reason=unstable_if action=reinterpret pc=0x0000000003843dd8 method=sun.misc.FloatingDecimal$BinaryToASCIIBuffer.dtoa(IJIZ)V @ 1056

Classes redefined (0 events):
No events

Internal exceptions (10 events):
Event: 0.346 Thread 0x0000000003232800 Exception <a 'java/lang/NullPointerException'> (0x000000071701c110) thrown at [C:\re\workspace\8-2-build-windows-amd64-cygwin\jdk8u161\10277\hotspot\src\share\vm\interpreter\linkResolver.cpp, line 1185]
Event: 0.346 Thread 0x0000000003232800 Exception <a 'java/lang/NullPointerException'> (0x000000071701c390) thrown at [C:\re\workspace\8-2-build-windows-amd64-cygwin\jdk8u161\10277\hotspot\src\share\vm\interpreter\linkResolver.cpp, line 1185]
Event: 0.346 Thread 0x0000000003232800 Exception <a 'java/lang/NullPointerException'> (0x000000071701c608) thrown at [C:\re\workspace\8-2-build-windows-amd64-cygwin\jdk8u161\10277\hotspot\src\share\vm\interpreter\linkResolver.cpp, line 1185]
Event: 1.082 Thread 0x0000000003232800 Exception <a 'java/security/PrivilegedActionException'> (0x000000071b455f78) thrown at [C:\re\workspace\8-2-build-windows-amd64-cygwin\jdk8u161\10277\hotspot\src\share\vm\prims\jvm.cpp, line 1390]
Event: 1.082 Thread 0x0000000003232800 Exception <a 'java/security/PrivilegedActionException'> (0x000000071b456188) thrown at [C:\re\workspace\8-2-build-windows-amd64-cygwin\jdk8u161\10277\hotspot\src\share\vm\prims\jvm.cpp, line 1390]
Event: 1.083 Thread 0x0000000003232800 Exception <a 'java/security/PrivilegedActionException'> (0x000000071b45a098) thrown at [C:\re\workspace\8-2-build-windows-amd64-cygwin\jdk8u161\10277\hotspot\src\share\vm\prims\jvm.cpp, line 1390]
Event: 1.083 Thread 0x0000000003232800 Exception <a 'java/security/PrivilegedActionException'> (0x000000071b45a2a8) thrown at [C:\re\workspace\8-2-build-windows-amd64-cygwin\jdk8u161\10277\hotspot\src\share\vm\prims\jvm.cpp, line 1390]
Event: 3.444 Thread 0x0000000003232800 Exception <a 'java/io/FileNotFoundException'> (0x000000071c86d4f8) thrown at [C:\re\workspace\8-2-build-windows-amd64-cygwin\jdk8u161\10277\hotspot\src\share\vm\prims\jni.cpp, line 709]
Event: 3.518 Thread 0x0000000003232800 Exception <a 'java/lang/NoSuchFieldError': method resolution failed> (0x000000071c93bc98) thrown at [C:\re\workspace\8-2-build-windows-amd64-cygwin\jdk8u161\10277\hotspot\src\share\vm\prims\methodHandles.cpp, line 1167]
Event: 3.520 Thread 0x0000000003232800 Exception <a 'java/lang/NoSuchFieldError': method resolution failed> (0x000000071ca90cf8) thrown at [C:\re\workspace\8-2-build-windows-amd64-cygwin\jdk8u161\10277\hotspot\src\share\vm\prims\methodHandles.cpp, line 1167]

Events (10 events):
Event: 6.181 Thread 0x0000000003232800 DEOPT PACKING pc=0x000000000386137c sp=0x000000000322eb40
Event: 6.181 Thread 0x0000000003232800 DEOPT UNPACKING pc=0x0000000003377890 sp=0x000000000322ead8 mode 0
Event: 6.185 Thread 0x0000000003232800 DEOPT PACKING pc=0x000000000386137c sp=0x000000000322eb40
Event: 6.185 Thread 0x0000000003232800 DEOPT UNPACKING pc=0x0000000003377890 sp=0x000000000322ead8 mode 0
Event: 6.190 Thread 0x0000000003232800 DEOPT PACKING pc=0x0000000003860ef7 sp=0x000000000322eb40
Event: 6.190 Thread 0x0000000003232800 DEOPT UNPACKING pc=0x0000000003377890 sp=0x000000000322ead8 mode 0
Event: 6.198 Thread 0x0000000003232800 DEOPT PACKING pc=0x000000000386137c sp=0x000000000322eb40
Event: 6.198 Thread 0x0000000003232800 DEOPT UNPACKING pc=0x0000000003377890 sp=0x000000000322ead8 mode 0
Event: 6.206 Thread 0x0000000003232800 DEOPT PACKING pc=0x000000000386137c sp=0x000000000322eb40
Event: 6.206 Thread 0x0000000003232800 DEOPT UNPACKING pc=0x0000000003377890 sp=0x000000000322ead8 mode 0


Dynamic libraries:
0x00007ff76df40000 - 0x00007ff76df77000 	C:\PROGRA~1\Java\jdk1.8.0_161\bin\java.exe
0x00007ffc46b70000 - 0x00007ffc46d51000 	C:\windows\SYSTEM32\ntdll.dll
0x00007ffc46350000 - 0x00007ffc46402000 	C:\windows\System32\KERNEL32.DLL
0x00007ffc43ac0000 - 0x00007ffc43d33000 	C:\windows\System32\KERNELBASE.dll
0x00007ffc44210000 - 0x00007ffc442b1000 	C:\windows\System32\ADVAPI32.dll
0x00007ffc461c0000 - 0x00007ffc4625e000 	C:\windows\System32\msvcrt.dll
0x00007ffc44840000 - 0x00007ffc4489b000 	C:\windows\System32\sechost.dll
0x00007ffc45f00000 - 0x00007ffc46024000 	C:\windows\System32\RPCRT4.dll
0x00007ffc46030000 - 0x00007ffc461c0000 	C:\windows\System32\USER32.dll
0x00007ffc43d40000 - 0x00007ffc43d60000 	C:\windows\System32\win32u.dll
0x00007ffc46260000 - 0x00007ffc46288000 	C:\windows\System32\GDI32.dll
0x00007ffc43920000 - 0x00007ffc43ab2000 	C:\windows\System32\gdi32full.dll
0x00007ffc42f90000 - 0x00007ffc4302f000 	C:\windows\System32\msvcp_win.dll
0x00007ffc43740000 - 0x00007ffc4383a000 	C:\windows\System32\ucrtbase.dll
0x00007ffc34450000 - 0x00007ffc346b9000 	C:\windows\WinSxS\amd64_microsoft.windows.common-controls_6595b64144ccf1df_6.0.17134.590_none_fb3d9bff3069e088\COMCTL32.dll
0x00007ffc46810000 - 0x00007ffc46b32000 	C:\windows\System32\combase.dll
0x00007ffc438a0000 - 0x00007ffc4391a000 	C:\windows\System32\bcryptPrimitives.dll
0x00007ffc462a0000 - 0x00007ffc462cd000 	C:\windows\System32\IMM32.DLL
0x0000000055650000 - 0x0000000055722000 	C:\PROGRA~1\Java\jdk1.8.0_161\jre\bin\msvcr100.dll
0x0000000054db0000 - 0x000000005564f000 	C:\PROGRA~1\Java\jdk1.8.0_161\jre\bin\server\jvm.dll
0x00007ffc46290000 - 0x00007ffc46298000 	C:\windows\System32\PSAPI.DLL
0x00007ffc32100000 - 0x00007ffc32109000 	C:\windows\SYSTEM32\WSOCK32.dll
0x00007ffc45e70000 - 0x00007ffc45edc000 	C:\windows\System32\WS2_32.dll
0x00007ffc42200000 - 0x00007ffc4220a000 	C:\windows\SYSTEM32\VERSION.dll
0x00007ffc39100000 - 0x00007ffc39123000 	C:\windows\SYSTEM32\WINMM.dll
0x00007ffc390d0000 - 0x00007ffc390fa000 	C:\windows\SYSTEM32\winmmbase.dll
0x00007ffc42f40000 - 0x00007ffc42f89000 	C:\windows\System32\cfgmgr32.dll
0x00000000557f0000 - 0x00000000557ff000 	C:\PROGRA~1\Java\jdk1.8.0_161\jre\bin\verify.dll
0x00000000557c0000 - 0x00000000557e9000 	C:\PROGRA~1\Java\jdk1.8.0_161\jre\bin\java.dll
0x00000000557a0000 - 0x00000000557b6000 	C:\PROGRA~1\Java\jdk1.8.0_161\jre\bin\zip.dll
0x00007ffc44a20000 - 0x00007ffc45e60000 	C:\windows\System32\SHELL32.dll
0x00007ffc46410000 - 0x00007ffc464b9000 	C:\windows\System32\shcore.dll
0x00007ffc43030000 - 0x00007ffc4373d000 	C:\windows\System32\windows.storage.dll
0x00007ffc46620000 - 0x00007ffc46671000 	C:\windows\System32\shlwapi.dll
0x00007ffc42f00000 - 0x00007ffc42f11000 	C:\windows\System32\kernel.appcore.dll
0x00007ffc42ee0000 - 0x00007ffc42eff000 	C:\windows\System32\profapi.dll
0x00007ffc42e90000 - 0x00007ffc42edc000 	C:\windows\System32\powrprof.dll
0x00007ffc42e80000 - 0x00007ffc42e8a000 	C:\windows\System32\FLTLIB.DLL
0x0000000054c10000 - 0x0000000054da8000 	C:\Program Files\Java\jdk1.8.0_161\jre\bin\awt.dll
0x00007ffc44770000 - 0x00007ffc44833000 	C:\windows\System32\OLEAUT32.dll
0x00007ffc40690000 - 0x00007ffc4071b000 	C:\windows\SYSTEM32\apphelp.dll

VM Arguments:
java_command: vpalm.jar D:/OneDrive/Travail_AMAP/Palm_agroforestry/Palm_Rice/Designs/Vpalm_outputs/VPalm_inputs/Average_Average_MAP_90.txt D:/OneDrive/Travail_AMAP/Palm_agroforestry/Palm_Rice/Designs/Vpalm_outputs/scenes/opf/Average_Average_MAP_90.opf
java_class_path (initial): vpalm.jar
Launcher Type: SUN_STANDARD

Environment Variables:
USERNAME=vezy
DISPLAY=:0
OS=Windows_NT
PROCESSOR_IDENTIFIER=Intel64 Family 6 Model 158 Stepping 10, GenuineIntel



---------------  S Y S T E M  ---------------

OS: Windows 10.0 , 64 bit Build 17134 (10.0.17134.556)

CPU:total 12 (initial active 12) (6 cores per cpu, 2 threads per core) family 6 model 158 stepping 10, cmov, cx8, fxsr, mmx, sse, sse2, sse3, ssse3, sse4.1, sse4.2, popcnt, avx, avx2, aes, clmul, erms, rtm, 3dnowpref, lzcnt, ht, tsc, tscinvbit, bmi1, bmi2, adx

Memory: 4k page, physical 33308888k(3716760k free), swap 52508884k(6372k free)

vm_info: Java HotSpot(TM) 64-Bit Server VM (25.161-b12) for windows-amd64 JRE (1.8.0_161-b12), built on Dec 19 2017 17:52:25 by "java_re" with MS VC++ 10.0 (VS2010)

time: Thu Apr 25 15:01:48 2019
elapsed time: 6 seconds (0d 0h 0m 6s)

