#
# There is insufficient memory for the Java Runtime Environment to continue.
# Native memory allocation (malloc) failed to allocate 77936 bytes for Chunk::new
# Possible reasons:
#   The system is out of physical RAM or swap space
#   In 32 bit mode, the process size limit was hit
# Possible solutions:
#   Reduce memory load on the system
#   Increase physical memory or swap space
#   Check if swap backing store is full
#   Use 64 bit Java on a 64 bit OS
#   Decrease Java heap size (-Xmx/-Xms)
#   Decrease number of Java threads
#   Decrease Java thread stack sizes (-Xss)
#   Set larger code cache with -XX:ReservedCodeCacheSize=
# This output file may be truncated or incomplete.
#
#  Out of Memory Error (allocation.cpp:390), pid=23396, tid=0x000000000000484c
#
# JRE version: Java(TM) SE Runtime Environment (8.0_161-b12) (build 1.8.0_161-b12)
# Java VM: Java HotSpot(TM) 64-Bit Server VM (25.161-b12 mixed mode windows-amd64 compressed oops)
# Failed to write core dump. Minidumps are not enabled by default on client versions of Windows
#

---------------  T H R E A D  ---------------

Current thread (0x00000000273a5800):  JavaThread "C2 CompilerThread1" daemon [_thread_in_native, id=18508, stack(0x0000000028b30000,0x0000000028c30000)]

Stack: [0x0000000028b30000,0x0000000028c30000]
[error occurred during error reporting (printing stack bounds), id 0xc0000005]

Native frames: (J=compiled Java code, j=interpreted, Vv=VM code, C=native code)


Current CompileTask:
C2:   6269 1436       4       sun.misc.FloatingDecimal$BinaryToASCIIBuffer::dtoa (1509 bytes)


---------------  P R O C E S S  ---------------

Java Threads: ( => current thread )
  0x000000002741f000 JavaThread "Service Thread" daemon [_thread_blocked, id=8484, stack(0x0000000028e30000,0x0000000028f30000)]
  0x00000000273ab000 JavaThread "C1 CompilerThread3" daemon [_thread_blocked, id=20008, stack(0x0000000028d30000,0x0000000028e30000)]
  0x00000000273aa800 JavaThread "C2 CompilerThread2" daemon [_thread_in_native, id=7192, stack(0x0000000028c30000,0x0000000028d30000)]
=>0x00000000273a5800 JavaThread "C2 CompilerThread1" daemon [_thread_in_native, id=18508, stack(0x0000000028b30000,0x0000000028c30000)]
  0x00000000273a0800 JavaThread "C2 CompilerThread0" daemon [_thread_blocked, id=24600, stack(0x0000000028a30000,0x0000000028b30000)]
  0x000000002739f000 JavaThread "Attach Listener" daemon [_thread_blocked, id=20144, stack(0x0000000028930000,0x0000000028a30000)]
  0x000000002739d000 JavaThread "Signal Dispatcher" daemon [_thread_blocked, id=23064, stack(0x0000000028830000,0x0000000028930000)]
  0x0000000027393000 JavaThread "Finalizer" daemon [_thread_blocked, id=21188, stack(0x0000000028610000,0x0000000028710000)]
  0x0000000025ccd000 JavaThread "Reference Handler" daemon [_thread_blocked, id=24132, stack(0x0000000028510000,0x0000000028610000)]
  0x0000000002ad2800 JavaThread "main" [_thread_in_Java, id=23696, stack(0x00000000029d0000,0x0000000002ad0000)]

Other Threads:
  0x0000000025cc7000 VMThread [stack: 0x0000000028410000,0x0000000028510000] [id=21920]
  0x000000002742b000 WatcherThread [stack: 0x0000000028f30000,0x0000000029030000] [id=20308]

VM state:not at safepoint (normal execution)

VM Mutex/Monitor currently owned by a thread: None

Heap:
 PSYoungGen      total 545792K, used 295833K [0x0000000716900000, 0x0000000739300000, 0x00000007c0000000)
  eden space 524288K, 52% used [0x0000000716900000,0x00000007274e78c8,0x0000000736900000)
  from space 21504K, 99% used [0x0000000737e00000,0x00000007392fee90,0x0000000739300000)
  to   space 21504K, 0% used [0x0000000736900000,0x0000000736900000,0x0000000737e00000)
 ParOldGen       total 348160K, used 95609K [0x00000005c3a00000, 0x00000005d8e00000, 0x0000000716900000)
  object space 348160K, 27% used [0x00000005c3a00000,0x00000005c975e718,0x00000005d8e00000)
 Metaspace       used 6658K, capacity 6776K, committed 6912K, reserved 1056768K
  class space    used 663K, capacity 728K, committed 768K, reserved 1048576K

Card table byte_map: [0x0000000011f90000,0x0000000012f80000] byte_map_base: 0x000000000f173000

Marking Bits: (ParMarkBitMap*) 0x00000000555cf860
 Begin Bits: [0x0000000014420000, 0x000000001c338000)
 End Bits:   [0x000000001c338000, 0x0000000024250000)

Polling page: 0x0000000000ec0000

CodeCache: size=245760Kb used=6412Kb max_used=6424Kb free=239347Kb
 bounds [0x0000000002bd0000, 0x0000000003220000, 0x0000000011bd0000]
 total_blobs=1741 nmethods=1410 adapters=243
 compilation: enabled

Compilation events (10 events):
Event: 6.208 Thread 0x00000000273a0800 nmethod 1434 0x000000000320d6d0 code [0x000000000320d820, 0x000000000320d8d8]
Event: 6.208 Thread 0x00000000273aa800 1435       4       jeeb.lib.util.StringUtil::stripAccents (19 bytes)
Event: 6.211 Thread 0x00000000273ab000 nmethod 1433 0x0000000003215610 code [0x0000000003215a40, 0x0000000003218158]
Event: 6.212 Thread 0x00000000273a5800 1436       4       sun.misc.FloatingDecimal$BinaryToASCIIBuffer::dtoa (1509 bytes)
Event: 6.222 Thread 0x00000000273aa800 nmethod 1435 0x0000000003213d90 code [0x0000000003213f40, 0x0000000003214798]
Event: 6.230 Thread 0x00000000273a0800 1437       4       java.lang.String::replaceAll (13 bytes)
Event: 6.237 Thread 0x00000000273aa800 1438 % !   4       jeeb.lib.formats.OPFWriterV2::serializeArchiNode @ 286 (1158 bytes)
Event: 6.239 Thread 0x00000000273a0800 nmethod 1437 0x000000000320ef50 code [0x000000000320f100, 0x000000000320f838]
Event: 6.244 Thread 0x00000000273a0800 1439       4       javax.vecmath.Matrix4f::getRow (157 bytes)
Event: 6.246 Thread 0x00000000273a0800 nmethod 1439 0x000000000321a510 code [0x000000000321a660, 0x000000000321a818]

GC Heap History (8 events):
Event: 1.990 GC heap before
{Heap before GC invocations=1 (full 0):
 PSYoungGen      total 152576K, used 131072K [0x0000000716900000, 0x0000000721300000, 0x00000007c0000000)
  eden space 131072K, 100% used [0x0000000716900000,0x000000071e900000,0x000000071e900000)
  from space 21504K, 0% used [0x000000071fe00000,0x000000071fe00000,0x0000000721300000)
  to   space 21504K, 0% used [0x000000071e900000,0x000000071e900000,0x000000071fe00000)
 ParOldGen       total 348160K, used 0K [0x00000005c3a00000, 0x00000005d8e00000, 0x0000000716900000)
  object space 348160K, 0% used [0x00000005c3a00000,0x00000005c3a00000,0x00000005d8e00000)
 Metaspace       used 5261K, capacity 5440K, committed 5760K, reserved 1056768K
  class space    used 523K, capacity 560K, committed 640K, reserved 1048576K
Event: 2.309 GC heap after
Heap after GC invocations=1 (full 0):
 PSYoungGen      total 152576K, used 21472K [0x0000000716900000, 0x0000000729300000, 0x00000007c0000000)
  eden space 131072K, 0% used [0x0000000716900000,0x0000000716900000,0x000000071e900000)
  from space 21504K, 99% used [0x000000071e900000,0x000000071fdf8388,0x000000071fe00000)
  to   space 21504K, 0% used [0x0000000727e00000,0x0000000727e00000,0x0000000729300000)
 ParOldGen       total 348160K, used 29855K [0x00000005c3a00000, 0x00000005d8e00000, 0x0000000716900000)
  object space 348160K, 8% used [0x00000005c3a00000,0x00000005c5727d70,0x00000005d8e00000)
 Metaspace       used 5261K, capacity 5440K, committed 5760K, reserved 1056768K
  class space    used 523K, capacity 560K, committed 640K, reserved 1048576K
}
Event: 3.167 GC heap before
{Heap before GC invocations=2 (full 0):
 PSYoungGen      total 152576K, used 152544K [0x0000000716900000, 0x0000000729300000, 0x00000007c0000000)
  eden space 131072K, 100% used [0x0000000716900000,0x000000071e900000,0x000000071e900000)
  from space 21504K, 99% used [0x000000071e900000,0x000000071fdf8388,0x000000071fe00000)
  to   space 21504K, 0% used [0x0000000727e00000,0x0000000727e00000,0x0000000729300000)
 ParOldGen       total 348160K, used 29855K [0x00000005c3a00000, 0x00000005d8e00000, 0x0000000716900000)
  object space 348160K, 8% used [0x00000005c3a00000,0x00000005c5727d70,0x00000005d8e00000)
 Metaspace       used 6378K, capacity 6520K, committed 6656K, reserved 1056768K
  class space    used 649K, capacity 728K, committed 768K, reserved 1048576K
Event: 3.198 GC heap after
Heap after GC invocations=2 (full 0):
 PSYoungGen      total 283648K, used 21500K [0x0000000716900000, 0x0000000729300000, 0x00000007c0000000)
  eden space 262144K, 0% used [0x0000000716900000,0x0000000716900000,0x0000000726900000)
  from space 21504K, 99% used [0x0000000727e00000,0x00000007292ff1f8,0x0000000729300000)
  to   space 21504K, 0% used [0x0000000726900000,0x0000000726900000,0x0000000727e00000)
 ParOldGen       total 348160K, used 49320K [0x00000005c3a00000, 0x00000005d8e00000, 0x0000000716900000)
  object space 348160K, 14% used [0x00000005c3a00000,0x00000005c6a2a218,0x00000005d8e00000)
 Metaspace       used 6378K, capacity 6520K, committed 6656K, reserved 1056768K
  class space    used 649K, capacity 728K, committed 768K, reserved 1048576K
}
Event: 4.169 GC heap before
{Heap before GC invocations=3 (full 0):
 PSYoungGen      total 283648K, used 283644K [0x0000000716900000, 0x0000000729300000, 0x00000007c0000000)
  eden space 262144K, 100% used [0x0000000716900000,0x0000000726900000,0x0000000726900000)
  from space 21504K, 99% used [0x0000000727e00000,0x00000007292ff1f8,0x0000000729300000)
  to   space 21504K, 0% used [0x0000000726900000,0x0000000726900000,0x0000000727e00000)
 ParOldGen       total 348160K, used 49320K [0x00000005c3a00000, 0x00000005d8e00000, 0x0000000716900000)
  object space 348160K, 14% used [0x00000005c3a00000,0x00000005c6a2a218,0x00000005d8e00000)
 Metaspace       used 6479K, capacity 6648K, committed 6912K, reserved 1056768K
  class space    used 653K, capacity 728K, committed 768K, reserved 1048576K
Event: 4.376 GC heap after
Heap after GC invocations=3 (full 0):
 PSYoungGen      total 283648K, used 21499K [0x0000000716900000, 0x0000000739300000, 0x00000007c0000000)
  eden space 262144K, 0% used [0x0000000716900000,0x0000000716900000,0x0000000726900000)
  from space 21504K, 99% used [0x0000000726900000,0x0000000727dfee90,0x0000000727e00000)
  to   space 21504K, 0% used [0x0000000737e00000,0x0000000737e00000,0x0000000739300000)
 ParOldGen       total 348160K, used 95561K [0x00000005c3a00000, 0x00000005d8e00000, 0x0000000716900000)
  object space 348160K, 27% used [0x00000005c3a00000,0x00000005c9752718,0x00000005d8e00000)
 Metaspace       used 6479K, capacity 6648K, committed 6912K, reserved 1056768K
  class space    used 653K, capacity 728K, committed 768K, reserved 1048576K
}
Event: 5.266 GC heap before
{Heap before GC invocations=4 (full 0):
 PSYoungGen      total 283648K, used 283643K [0x0000000716900000, 0x0000000739300000, 0x00000007c0000000)
  eden space 262144K, 100% used [0x0000000716900000,0x0000000726900000,0x0000000726900000)
  from space 21504K, 99% used [0x0000000726900000,0x0000000727dfee90,0x0000000727e00000)
  to   space 21504K, 0% used [0x0000000737e00000,0x0000000737e00000,0x0000000739300000)
 ParOldGen       total 348160K, used 95561K [0x00000005c3a00000, 0x00000005d8e00000, 0x0000000716900000)
  object space 348160K, 27% used [0x00000005c3a00000,0x00000005c9752718,0x00000005d8e00000)
 Metaspace       used 6479K, capacity 6648K, committed 6912K, reserved 1056768K
  class space    used 653K, capacity 728K, committed 768K, reserved 1048576K
Event: 5.309 GC heap after
Heap after GC invocations=4 (full 0):
 PSYoungGen      total 545792K, used 21499K [0x0000000716900000, 0x0000000739300000, 0x00000007c0000000)
  eden space 524288K, 0% used [0x0000000716900000,0x0000000716900000,0x0000000736900000)
  from space 21504K, 99% used [0x0000000737e00000,0x00000007392fee90,0x0000000739300000)
  to   space 21504K, 0% used [0x0000000736900000,0x0000000736900000,0x0000000737e00000)
 ParOldGen       total 348160K, used 95609K [0x00000005c3a00000, 0x00000005d8e00000, 0x0000000716900000)
  object space 348160K, 27% used [0x00000005c3a00000,0x00000005c975e718,0x00000005d8e00000)
 Metaspace       used 6479K, capacity 6648K, committed 6912K, reserved 1056768K
  class space    used 653K, capacity 728K, committed 768K, reserved 1048576K
}

Deoptimization events (10 events):
Event: 5.229 Thread 0x0000000002ad2800 Uncommon trap: reason=unstable_if action=reinterpret pc=0x00000000031260d0 method=sun.misc.FloatingDecimal$BinaryToASCIIBuffer.dtoa(IJIZ)V @ 379
Event: 5.946 Thread 0x0000000002ad2800 Uncommon trap: reason=unstable_if action=reinterpret pc=0x0000000003184104 method=sun.misc.FloatingDecimal$BinaryToASCIIBuffer.developLongDigits(IJI)V @ 104
Event: 5.946 Thread 0x0000000002ad2800 Uncommon trap: reason=unstable_if action=reinterpret pc=0x00000000030cf7c4 method=sun.misc.FloatingDecimal$BinaryToASCIIBuffer.getChars([C)I @ 94
Event: 5.946 Thread 0x0000000002ad2800 Uncommon trap: reason=unstable_if action=reinterpret pc=0x0000000003102018 method=sun.misc.FloatingDecimal$BinaryToASCIIBuffer.developLongDigits(IJI)V @ 104
Event: 5.946 Thread 0x0000000002ad2800 Uncommon trap: reason=unstable_if action=reinterpret pc=0x000000000308aeb0 method=java.util.HashMap.entrySet()Ljava/util/Set; @ 6
Event: 6.010 Thread 0x0000000002ad2800 Uncommon trap: reason=unstable_if action=reinterpret pc=0x000000000310126c method=java.lang.Integer.getChars(II[C)V @ 20
Event: 6.011 Thread 0x0000000002ad2800 Uncommon trap: reason=unstable_if action=reinterpret pc=0x0000000002dd7ee4 method=java.lang.Integer.getChars(II[C)V @ 20
Event: 6.170 Thread 0x0000000002ad2800 Uncommon trap: reason=unstable_if action=reinterpret pc=0x00000000030cc37c method=sun.misc.FloatingDecimal.getBinaryToASCIIConverter(F)Lsun/misc/FloatingDecimal$BinaryToASCIIConverter; @ 75
Event: 6.171 Thread 0x0000000002ad2800 Uncommon trap: reason=unstable_if action=reinterpret pc=0x00000000030bde18 method=java.lang.Integer.toString(I)Ljava/lang/String; @ 10
Event: 6.206 Thread 0x0000000002ad2800 Uncommon trap: reason=unstable_if action=reinterpret pc=0x00000000031fa0d4 method=sun.misc.FloatingDecimal$BinaryToASCIIBuffer.dtoa(IJIZ)V @ 824

Classes redefined (0 events):
No events

Internal exceptions (10 events):
Event: 0.418 Thread 0x0000000002ad2800 Exception <a 'java/lang/NullPointerException'> (0x000000071701c3e8) thrown at [C:\re\workspace\8-2-build-windows-amd64-cygwin\jdk8u161\10277\hotspot\src\share\vm\interpreter\linkResolver.cpp, line 1185]
Event: 0.418 Thread 0x0000000002ad2800 Exception <a 'java/lang/NullPointerException'> (0x000000071701c660) thrown at [C:\re\workspace\8-2-build-windows-amd64-cygwin\jdk8u161\10277\hotspot\src\share\vm\interpreter\linkResolver.cpp, line 1185]
Event: 0.960 Thread 0x0000000002ad2800 Exception <a 'java/security/PrivilegedActionException'> (0x000000071b458800) thrown at [C:\re\workspace\8-2-build-windows-amd64-cygwin\jdk8u161\10277\hotspot\src\share\vm\prims\jvm.cpp, line 1390]
Event: 0.960 Thread 0x0000000002ad2800 Exception <a 'java/security/PrivilegedActionException'> (0x000000071b458a10) thrown at [C:\re\workspace\8-2-build-windows-amd64-cygwin\jdk8u161\10277\hotspot\src\share\vm\prims\jvm.cpp, line 1390]
Event: 0.961 Thread 0x0000000002ad2800 Exception <a 'java/security/PrivilegedActionException'> (0x000000071b45c920) thrown at [C:\re\workspace\8-2-build-windows-amd64-cygwin\jdk8u161\10277\hotspot\src\share\vm\prims\jvm.cpp, line 1390]
Event: 0.961 Thread 0x0000000002ad2800 Exception <a 'java/security/PrivilegedActionException'> (0x000000071b45cb30) thrown at [C:\re\workspace\8-2-build-windows-amd64-cygwin\jdk8u161\10277\hotspot\src\share\vm\prims\jvm.cpp, line 1390]
Event: 1.155 Thread 0x0000000002ad2800 Implicit null exception at 0x0000000002dd8d32 to 0x0000000002dd9225
Event: 2.973 Thread 0x0000000002ad2800 Exception <a 'java/io/FileNotFoundException'> (0x000000071ca341b0) thrown at [C:\re\workspace\8-2-build-windows-amd64-cygwin\jdk8u161\10277\hotspot\src\share\vm\prims\jni.cpp, line 709]
Event: 3.029 Thread 0x0000000002ad2800 Exception <a 'java/lang/NoSuchFieldError': method resolution failed> (0x000000071cb02878) thrown at [C:\re\workspace\8-2-build-windows-amd64-cygwin\jdk8u161\10277\hotspot\src\share\vm\prims\methodHandles.cpp, line 1167]
Event: 3.031 Thread 0x0000000002ad2800 Exception <a 'java/lang/NoSuchFieldError': method resolution failed> (0x000000071cb0fea8) thrown at [C:\re\workspace\8-2-build-windows-amd64-cygwin\jdk8u161\10277\hotspot\src\share\vm\prims\methodHandles.cpp, line 1167]

Events (10 events):
Event: 6.147 loading class java/util/regex/Pattern$1 done
Event: 6.170 Thread 0x0000000002ad2800 Uncommon trap: trap_request=0xffffff65 fr.pc=0x00000000030cc37c
Event: 6.170 Thread 0x0000000002ad2800 DEOPT PACKING pc=0x00000000030cc37c sp=0x0000000002acf110
Event: 6.170 Thread 0x0000000002ad2800 DEOPT UNPACKING pc=0x0000000002c1583b sp=0x0000000002acf088 mode 2
Event: 6.171 Thread 0x0000000002ad2800 Uncommon trap: trap_request=0xffffff65 fr.pc=0x00000000030bde18
Event: 6.171 Thread 0x0000000002ad2800 DEOPT PACKING pc=0x00000000030bde18 sp=0x0000000002acf120
Event: 6.171 Thread 0x0000000002ad2800 DEOPT UNPACKING pc=0x0000000002c1583b sp=0x0000000002acf0c0 mode 2
Event: 6.206 Thread 0x0000000002ad2800 Uncommon trap: trap_request=0xffffff65 fr.pc=0x00000000031fa0d4
Event: 6.206 Thread 0x0000000002ad2800 DEOPT PACKING pc=0x00000000031fa0d4 sp=0x0000000002acf0e0
Event: 6.206 Thread 0x0000000002ad2800 DEOPT UNPACKING pc=0x0000000002c1583b sp=0x0000000002acefc0 mode 2


Dynamic libraries:
0x00007ff76df40000 - 0x00007ff76df77000 	C:\PROGRA~1\Java\jdk1.8.0_161\bin\java.exe
0x00007ffc46b70000 - 0x00007ffc46d51000 	C:\windows\SYSTEM32\ntdll.dll
0x00007ffc46350000 - 0x00007ffc46402000 	C:\windows\System32\KERNEL32.DLL
0x00007ffc43ac0000 - 0x00007ffc43d33000 	C:\windows\System32\KERNELBASE.dll
0x00007ffc44210000 - 0x00007ffc442b1000 	C:\windows\System32\ADVAPI32.dll
0x00007ffc461c0000 - 0x00007ffc4625e000 	C:\windows\System32\msvcrt.dll
0x00007ffc44840000 - 0x00007ffc4489b000 	C:\windows\System32\sechost.dll
0x00007ffc45f00000 - 0x00007ffc46024000 	C:\windows\System32\RPCRT4.dll
0x00007ffc46030000 - 0x00007ffc461c0000 	C:\windows\System32\USER32.dll
0x00007ffc43d40000 - 0x00007ffc43d60000 	C:\windows\System32\win32u.dll
0x00007ffc46260000 - 0x00007ffc46288000 	C:\windows\System32\GDI32.dll
0x00007ffc43920000 - 0x00007ffc43ab2000 	C:\windows\System32\gdi32full.dll
0x00007ffc42f90000 - 0x00007ffc4302f000 	C:\windows\System32\msvcp_win.dll
0x00007ffc43740000 - 0x00007ffc4383a000 	C:\windows\System32\ucrtbase.dll
0x00007ffc34450000 - 0x00007ffc346b9000 	C:\windows\WinSxS\amd64_microsoft.windows.common-controls_6595b64144ccf1df_6.0.17134.590_none_fb3d9bff3069e088\COMCTL32.dll
0x00007ffc46810000 - 0x00007ffc46b32000 	C:\windows\System32\combase.dll
0x00007ffc438a0000 - 0x00007ffc4391a000 	C:\windows\System32\bcryptPrimitives.dll
0x00007ffc462a0000 - 0x00007ffc462cd000 	C:\windows\System32\IMM32.DLL
0x0000000055650000 - 0x0000000055722000 	C:\PROGRA~1\Java\jdk1.8.0_161\jre\bin\msvcr100.dll
0x0000000054db0000 - 0x000000005564f000 	C:\PROGRA~1\Java\jdk1.8.0_161\jre\bin\server\jvm.dll
0x00007ffc46290000 - 0x00007ffc46298000 	C:\windows\System32\PSAPI.DLL
0x00007ffc32100000 - 0x00007ffc32109000 	C:\windows\SYSTEM32\WSOCK32.dll
0x00007ffc45e70000 - 0x00007ffc45edc000 	C:\windows\System32\WS2_32.dll
0x00007ffc39100000 - 0x00007ffc39123000 	C:\windows\SYSTEM32\WINMM.dll
0x00007ffc42200000 - 0x00007ffc4220a000 	C:\windows\SYSTEM32\VERSION.dll
0x00007ffc390d0000 - 0x00007ffc390fa000 	C:\windows\SYSTEM32\WINMMBASE.dll
0x00007ffc42f40000 - 0x00007ffc42f89000 	C:\windows\System32\cfgmgr32.dll
0x00000000557f0000 - 0x00000000557ff000 	C:\PROGRA~1\Java\jdk1.8.0_161\jre\bin\verify.dll
0x00000000557c0000 - 0x00000000557e9000 	C:\PROGRA~1\Java\jdk1.8.0_161\jre\bin\java.dll
0x00000000557a0000 - 0x00000000557b6000 	C:\PROGRA~1\Java\jdk1.8.0_161\jre\bin\zip.dll
0x00007ffc44a20000 - 0x00007ffc45e60000 	C:\windows\System32\SHELL32.dll
0x00007ffc46410000 - 0x00007ffc464b9000 	C:\windows\System32\shcore.dll
0x00007ffc43030000 - 0x00007ffc4373d000 	C:\windows\System32\windows.storage.dll
0x00007ffc46620000 - 0x00007ffc46671000 	C:\windows\System32\shlwapi.dll
0x00007ffc42f00000 - 0x00007ffc42f11000 	C:\windows\System32\kernel.appcore.dll
0x00007ffc42ee0000 - 0x00007ffc42eff000 	C:\windows\System32\profapi.dll
0x00007ffc42e90000 - 0x00007ffc42edc000 	C:\windows\System32\powrprof.dll
0x00007ffc42e80000 - 0x00007ffc42e8a000 	C:\windows\System32\FLTLIB.DLL
0x0000000054c10000 - 0x0000000054da8000 	C:\Program Files\Java\jdk1.8.0_161\jre\bin\awt.dll
0x00007ffc44770000 - 0x00007ffc44833000 	C:\windows\System32\OLEAUT32.dll
0x00007ffc40690000 - 0x00007ffc4071b000 	C:\windows\SYSTEM32\apphelp.dll

VM Arguments:
java_command: vpalm.jar D:/OneDrive/Travail_AMAP/Palm_agroforestry/Palm_Rice/Designs/Vpalm_outputs/VPalm_inputs/DA1_Average_MAP_90.txt D:/OneDrive/Travail_AMAP/Palm_agroforestry/Palm_Rice/Designs/Vpalm_outputs/scenes/opf/DA1_Average_MAP_90.opf
java_class_path (initial): vpalm.jar
Launcher Type: SUN_STANDARD

Environment Variables:
USERNAME=vezy
DISPLAY=:0
OS=Windows_NT
PROCESSOR_IDENTIFIER=Intel64 Family 6 Model 158 Stepping 10, GenuineIntel



---------------  S Y S T E M  ---------------

OS: Windows 10.0 , 64 bit Build 17134 (10.0.17134.556)

CPU:total 12 (initial active 12) (6 cores per cpu, 2 threads per core) family 6 model 158 stepping 10, cmov, cx8, fxsr, mmx, sse, sse2, sse3, ssse3, sse4.1, sse4.2, popcnt, avx, avx2, aes, clmul, erms, rtm, 3dnowpref, lzcnt, ht, tsc, tscinvbit, bmi1, bmi2, adx

Memory: 4k page, physical 33308888k(3714104k free), swap 52508884k(5436k free)

vm_info: Java HotSpot(TM) 64-Bit Server VM (25.161-b12) for windows-amd64 JRE (1.8.0_161-b12), built on Dec 19 2017 17:52:25 by "java_re" with MS VC++ 10.0 (VS2010)

time: Thu Apr 25 15:01:48 2019
elapsed time: 6 seconds (0d 0h 0m 6s)

