#
# There is insufficient memory for the Java Runtime Environment to continue.
# Native memory allocation (malloc) failed to allocate 65552 bytes for Chunk::new
# Possible reasons:
#   The system is out of physical RAM or swap space
#   In 32 bit mode, the process size limit was hit
# Possible solutions:
#   Reduce memory load on the system
#   Increase physical memory or swap space
#   Check if swap backing store is full
#   Use 64 bit Java on a 64 bit OS
#   Decrease Java heap size (-Xmx/-Xms)
#   Decrease number of Java threads
#   Decrease Java thread stack sizes (-Xss)
#   Set larger code cache with -XX:ReservedCodeCacheSize=
# This output file may be truncated or incomplete.
#
#  Out of Memory Error (allocation.cpp:390), pid=22468, tid=0x000000000000537c
#
# JRE version: Java(TM) SE Runtime Environment (8.0_161-b12) (build 1.8.0_161-b12)
# Java VM: Java HotSpot(TM) 64-Bit Server VM (25.161-b12 mixed mode windows-amd64 compressed oops)
# Failed to write core dump. Minidumps are not enabled by default on client versions of Windows
#

---------------  T H R E A D  ---------------

Current thread (0x0000000027804800):  JavaThread "C2 CompilerThread0" daemon [_thread_in_native, id=21372, stack(0x0000000028e70000,0x0000000028f70000)]

Stack: [0x0000000028e70000,0x0000000028f70000]
[error occurred during error reporting (printing stack bounds), id 0xc0000005]

Native frames: (J=compiled Java code, j=interpreted, Vv=VM code, C=native code)


Current CompileTask:
C2:   6163 1419 % !   4       jeeb.lib.formats.OPFWriterV2::serializeArchiNode @ 641 (1158 bytes)


---------------  P R O C E S S  ---------------

Java Threads: ( => current thread )
  0x00000000278aa000 JavaThread "Service Thread" daemon [_thread_blocked, id=24952, stack(0x0000000029270000,0x0000000029370000)]
  0x000000002780d000 JavaThread "C1 CompilerThread3" daemon [_thread_blocked, id=18828, stack(0x0000000029170000,0x0000000029270000)]
  0x000000002780c000 JavaThread "C2 CompilerThread2" daemon [_thread_blocked, id=16640, stack(0x0000000029070000,0x0000000029170000)]
  0x0000000027809800 JavaThread "C2 CompilerThread1" daemon [_thread_blocked, id=22720, stack(0x0000000028f70000,0x0000000029070000)]
=>0x0000000027804800 JavaThread "C2 CompilerThread0" daemon [_thread_in_native, id=21372, stack(0x0000000028e70000,0x0000000028f70000)]
  0x0000000027801000 JavaThread "Attach Listener" daemon [_thread_blocked, id=19712, stack(0x0000000028d70000,0x0000000028e70000)]
  0x00000000277fe000 JavaThread "Signal Dispatcher" daemon [_thread_blocked, id=2940, stack(0x0000000028c70000,0x0000000028d70000)]
  0x00000000277f3000 JavaThread "Finalizer" daemon [_thread_blocked, id=21356, stack(0x0000000028a50000,0x0000000028b50000)]
  0x000000002611d000 JavaThread "Reference Handler" daemon [_thread_blocked, id=21064, stack(0x0000000028950000,0x0000000028a50000)]
  0x0000000002f22800 JavaThread "main" [_thread_in_Java, id=10008, stack(0x0000000002e00000,0x0000000002f00000)]

Other Threads:
  0x00000000277d2800 VMThread [stack: 0x0000000028850000,0x0000000028950000] [id=15012]
  0x00000000278b8000 WatcherThread [stack: 0x0000000029370000,0x0000000029470000] [id=11924]

VM state:not at safepoint (normal execution)

VM Mutex/Monitor currently owned by a thread: None

Heap:
 PSYoungGen      total 1124864K, used 273036K [0x0000000716900000, 0x0000000760200000, 0x00000007c0000000)
  eden space 1048576K, 23% used [0x0000000716900000,0x0000000725df3300,0x0000000756900000)
  from space 76288K, 29% used [0x000000075b780000,0x000000075cd30000,0x0000000760200000)
  to   space 78336K, 0% used [0x0000000756900000,0x0000000756900000,0x000000075b580000)
 ParOldGen       total 348160K, used 95582K [0x00000005c3a00000, 0x00000005d8e00000, 0x0000000716900000)
  object space 348160K, 27% used [0x00000005c3a00000,0x00000005c9757a98,0x00000005d8e00000)
 Metaspace       used 6652K, capacity 6772K, committed 6912K, reserved 1056768K
  class space    used 663K, capacity 728K, committed 768K, reserved 1048576K

Card table byte_map: [0x00000000123e0000,0x00000000133d0000] byte_map_base: 0x000000000f5c3000

Marking Bits: (ParMarkBitMap*) 0x00000000555cf860
 Begin Bits: [0x0000000014870000, 0x000000001c788000)
 End Bits:   [0x000000001c788000, 0x00000000246a0000)

Polling page: 0x0000000000d80000

CodeCache: size=245760Kb used=6522Kb max_used=6533Kb free=239237Kb
 bounds [0x0000000003020000, 0x0000000003690000, 0x0000000012020000]
 total_blobs=1762 nmethods=1431 adapters=243
 compilation: enabled

Compilation events (10 events):
Event: 4.987 Thread 0x0000000027809800 1439       4       java.lang.Float::toString (8 bytes)
Event: 4.995 Thread 0x0000000027809800 nmethod 1439 0x0000000003683210 code [0x00000000036833c0, 0x0000000003683a50]
Event: 5.036 Thread 0x000000002780d000 1440       3       sun.misc.FDBigInteger::addAndCmp (292 bytes)
Event: 5.037 Thread 0x000000002780d000 nmethod 1440 0x0000000003682150 code [0x0000000003682340, 0x0000000003682c68]
Event: 5.676 Thread 0x000000002780d000 1441       3       sun.misc.FDBigInteger::valueOfPow52 (101 bytes)
Event: 5.677 Thread 0x000000002780d000 nmethod 1441 0x0000000003681050 code [0x0000000003681260, 0x0000000003681c38]
Event: 5.979 Thread 0x000000002780d000 1442       3       sun.misc.FDBigInteger::leftShift (395 bytes)
Event: 5.980 Thread 0x000000002780d000 nmethod 1442 0x0000000003684390 code [0x00000000036845c0, 0x0000000003685488]
Event: 6.122 Thread 0x000000002780c000 1443       4       sun.misc.FDBigInteger::trimLeadingZeros (57 bytes)
Event: 6.123 Thread 0x000000002780c000 nmethod 1443 0x000000000365b110 code [0x000000000365b260, 0x000000000365b398]

GC Heap History (10 events):
Event: 1.847 GC heap before
{Heap before GC invocations=2 (full 0):
 PSYoungGen      total 152576K, used 152544K [0x0000000716900000, 0x0000000729300000, 0x00000007c0000000)
  eden space 131072K, 100% used [0x0000000716900000,0x000000071e900000,0x000000071e900000)
  from space 21504K, 99% used [0x000000071e900000,0x000000071fdf8368,0x000000071fe00000)
  to   space 21504K, 0% used [0x0000000727e00000,0x0000000727e00000,0x0000000729300000)
 ParOldGen       total 348160K, used 29527K [0x00000005c3a00000, 0x00000005d8e00000, 0x0000000716900000)
  object space 348160K, 8% used [0x00000005c3a00000,0x00000005c56d5d70,0x00000005d8e00000)
 Metaspace       used 6370K, capacity 6516K, committed 6656K, reserved 1056768K
  class space    used 649K, capacity 728K, committed 768K, reserved 1048576K
Event: 1.870 GC heap after
Heap after GC invocations=2 (full 0):
 PSYoungGen      total 283648K, used 21472K [0x0000000716900000, 0x0000000729300000, 0x00000007c0000000)
  eden space 262144K, 0% used [0x0000000716900000,0x0000000716900000,0x0000000726900000)
  from space 21504K, 99% used [0x0000000727e00000,0x00000007292f8368,0x0000000729300000)
  to   space 21504K, 0% used [0x0000000726900000,0x0000000726900000,0x0000000727e00000)
 ParOldGen       total 348160K, used 46540K [0x00000005c3a00000, 0x00000005d8e00000, 0x0000000716900000)
  object space 348160K, 13% used [0x00000005c3a00000,0x00000005c67732d8,0x00000005d8e00000)
 Metaspace       used 6370K, capacity 6516K, committed 6656K, reserved 1056768K
  class space    used 649K, capacity 728K, committed 768K, reserved 1048576K
}
Event: 2.629 GC heap before
{Heap before GC invocations=3 (full 0):
 PSYoungGen      total 283648K, used 283616K [0x0000000716900000, 0x0000000729300000, 0x00000007c0000000)
  eden space 262144K, 100% used [0x0000000716900000,0x0000000726900000,0x0000000726900000)
  from space 21504K, 99% used [0x0000000727e00000,0x00000007292f8368,0x0000000729300000)
  to   space 21504K, 0% used [0x0000000726900000,0x0000000726900000,0x0000000727e00000)
 ParOldGen       total 348160K, used 46540K [0x00000005c3a00000, 0x00000005d8e00000, 0x0000000716900000)
  object space 348160K, 13% used [0x00000005c3a00000,0x00000005c67732d8,0x00000005d8e00000)
 Metaspace       used 6472K, capacity 6644K, committed 6912K, reserved 1056768K
  class space    used 653K, capacity 728K, committed 768K, reserved 1048576K
Event: 2.666 GC heap after
Heap after GC invocations=3 (full 0):
 PSYoungGen      total 283648K, used 21504K [0x0000000716900000, 0x0000000739300000, 0x00000007c0000000)
  eden space 262144K, 0% used [0x0000000716900000,0x0000000716900000,0x0000000726900000)
  from space 21504K, 100% used [0x0000000726900000,0x0000000727e00000,0x0000000727e00000)
  to   space 21504K, 0% used [0x0000000737e00000,0x0000000737e00000,0x0000000739300000)
 ParOldGen       total 348160K, used 95182K [0x00000005c3a00000, 0x00000005d8e00000, 0x0000000716900000)
  object space 348160K, 27% used [0x00000005c3a00000,0x00000005c96f3a98,0x00000005d8e00000)
 Metaspace       used 6472K, capacity 6644K, committed 6912K, reserved 1056768K
  class space    used 653K, capacity 728K, committed 768K, reserved 1048576K
}
Event: 3.361 GC heap before
{Heap before GC invocations=4 (full 0):
 PSYoungGen      total 283648K, used 283648K [0x0000000716900000, 0x0000000739300000, 0x00000007c0000000)
  eden space 262144K, 100% used [0x0000000716900000,0x0000000726900000,0x0000000726900000)
  from space 21504K, 100% used [0x0000000726900000,0x0000000727e00000,0x0000000727e00000)
  to   space 21504K, 0% used [0x0000000737e00000,0x0000000737e00000,0x0000000739300000)
 ParOldGen       total 348160K, used 95182K [0x00000005c3a00000, 0x00000005d8e00000, 0x0000000716900000)
  object space 348160K, 27% used [0x00000005c3a00000,0x00000005c96f3a98,0x00000005d8e00000)
 Metaspace       used 6472K, capacity 6644K, committed 6912K, reserved 1056768K
  class space    used 653K, capacity 728K, committed 768K, reserved 1048576K
Event: 3.382 GC heap after
Heap after GC invocations=4 (full 0):
 PSYoungGen      total 545792K, used 21504K [0x0000000716900000, 0x0000000739300000, 0x00000007c0000000)
  eden space 524288K, 0% used [0x0000000716900000,0x0000000716900000,0x0000000736900000)
  from space 21504K, 100% used [0x0000000737e00000,0x0000000739300000,0x0000000739300000)
  to   space 21504K, 0% used [0x0000000736900000,0x0000000736900000,0x0000000737e00000)
 ParOldGen       total 348160K, used 95238K [0x00000005c3a00000, 0x00000005d8e00000, 0x0000000716900000)
  object space 348160K, 27% used [0x00000005c3a00000,0x00000005c9701a98,0x00000005d8e00000)
 Metaspace       used 6472K, capacity 6644K, committed 6912K, reserved 1056768K
  class space    used 653K, capacity 728K, committed 768K, reserved 1048576K
}
Event: 4.793 GC heap before
{Heap before GC invocations=5 (full 0):
 PSYoungGen      total 545792K, used 545792K [0x0000000716900000, 0x0000000739300000, 0x00000007c0000000)
  eden space 524288K, 100% used [0x0000000716900000,0x0000000736900000,0x0000000736900000)
  from space 21504K, 100% used [0x0000000737e00000,0x0000000739300000,0x0000000739300000)
  to   space 21504K, 0% used [0x0000000736900000,0x0000000736900000,0x0000000737e00000)
 ParOldGen       total 348160K, used 95238K [0x00000005c3a00000, 0x00000005d8e00000, 0x0000000716900000)
  object space 348160K, 27% used [0x00000005c3a00000,0x00000005c9701a98,0x00000005d8e00000)
 Metaspace       used 6650K, capacity 6772K, committed 6912K, reserved 1056768K
  class space    used 663K, capacity 728K, committed 768K, reserved 1048576K
Event: 4.813 GC heap after
Heap after GC invocations=5 (full 0):
 PSYoungGen      total 545792K, used 21504K [0x0000000716900000, 0x0000000760600000, 0x00000007c0000000)
  eden space 524288K, 0% used [0x0000000716900000,0x0000000716900000,0x0000000736900000)
  from space 21504K, 100% used [0x0000000736900000,0x0000000737e00000,0x0000000737e00000)
  to   space 80384K, 0% used [0x000000075b780000,0x000000075b780000,0x0000000760600000)
 ParOldGen       total 348160K, used 95574K [0x00000005c3a00000, 0x00000005d8e00000, 0x0000000716900000)
  object space 348160K, 27% used [0x00000005c3a00000,0x00000005c9755a98,0x00000005d8e00000)
 Metaspace       used 6650K, capacity 6772K, committed 6912K, reserved 1056768K
  class space    used 663K, capacity 728K, committed 768K, reserved 1048576K
}
Event: 5.738 GC heap before
{Heap before GC invocations=6 (full 0):
 PSYoungGen      total 545792K, used 545792K [0x0000000716900000, 0x0000000760600000, 0x00000007c0000000)
  eden space 524288K, 100% used [0x0000000716900000,0x0000000736900000,0x0000000736900000)
  from space 21504K, 100% used [0x0000000736900000,0x0000000737e00000,0x0000000737e00000)
  to   space 80384K, 0% used [0x000000075b780000,0x000000075b780000,0x0000000760600000)
 ParOldGen       total 348160K, used 95574K [0x00000005c3a00000, 0x00000005d8e00000, 0x0000000716900000)
  object space 348160K, 27% used [0x00000005c3a00000,0x00000005c9755a98,0x00000005d8e00000)
 Metaspace       used 6652K, capacity 6772K, committed 6912K, reserved 1056768K
  class space    used 663K, capacity 728K, committed 768K, reserved 1048576K
Event: 5.755 GC heap after
Heap after GC invocations=6 (full 0):
 PSYoungGen      total 1124864K, used 22208K [0x0000000716900000, 0x0000000760200000, 0x00000007c0000000)
  eden space 1048576K, 0% used [0x0000000716900000,0x0000000716900000,0x0000000756900000)
  from space 76288K, 29% used [0x000000075b780000,0x000000075cd30000,0x0000000760200000)
  to   space 78336K, 0% used [0x0000000756900000,0x0000000756900000,0x000000075b580000)
 ParOldGen       total 348160K, used 95582K [0x00000005c3a00000, 0x00000005d8e00000, 0x0000000716900000)
  object space 348160K, 27% used [0x00000005c3a00000,0x00000005c9757a98,0x00000005d8e00000)
 Metaspace       used 6652K, capacity 6772K, committed 6912K, reserved 1056768K
  class space    used 663K, capacity 728K, committed 768K, reserved 1048576K
}

Deoptimization events (10 events):
Event: 3.448 Thread 0x0000000002f22800 Uncommon trap: reason=unstable_if action=reinterpret pc=0x000000000357dd7c method=sun.misc.FloatingDecimal$BinaryToASCIIBuffer.dtoa(IJIZ)V @ 379
Event: 4.071 Thread 0x0000000002f22800 Uncommon trap: reason=unstable_if action=reinterpret pc=0x00000000035ab5d4 method=sun.misc.FloatingDecimal$BinaryToASCIIBuffer.developLongDigits(IJI)V @ 104
Event: 4.071 Thread 0x0000000002f22800 Uncommon trap: reason=unstable_if action=reinterpret pc=0x00000000035127c4 method=sun.misc.FloatingDecimal$BinaryToASCIIBuffer.getChars([C)I @ 94
Event: 4.071 Thread 0x0000000002f22800 Uncommon trap: reason=unstable_if action=reinterpret pc=0x000000000355f218 method=sun.misc.FloatingDecimal$BinaryToASCIIBuffer.developLongDigits(IJI)V @ 104
Event: 4.072 Thread 0x0000000002f22800 Uncommon trap: reason=unstable_if action=reinterpret pc=0x00000000034c60f0 method=java.util.HashMap.entrySet()Ljava/util/Set; @ 6
Event: 4.122 Thread 0x0000000002f22800 Uncommon trap: reason=unstable_if action=reinterpret pc=0x000000000353f8a4 method=java.lang.Integer.getChars(II[C)V @ 20
Event: 4.122 Thread 0x0000000002f22800 Uncommon trap: reason=unstable_if action=reinterpret pc=0x0000000003220ba4 method=java.lang.Integer.getChars(II[C)V @ 20
Event: 4.189 Thread 0x0000000002f22800 Uncommon trap: reason=unstable_if action=reinterpret pc=0x0000000003511a7c method=sun.misc.FloatingDecimal.getBinaryToASCIIConverter(F)Lsun/misc/FloatingDecimal$BinaryToASCIIConverter; @ 75
Event: 4.190 Thread 0x0000000002f22800 Uncommon trap: reason=unstable_if action=reinterpret pc=0x00000000034fcd98 method=java.lang.Integer.toString(I)Ljava/lang/String; @ 10
Event: 4.253 Thread 0x0000000002f22800 Uncommon trap: reason=unstable_if action=reinterpret pc=0x0000000003650290 method=sun.misc.FloatingDecimal$BinaryToASCIIBuffer.dtoa(IJIZ)V @ 824

Classes redefined (0 events):
No events

Internal exceptions (10 events):
Event: 0.179 Thread 0x0000000002f22800 Exception <a 'java/lang/NullPointerException'> (0x000000071701c190) thrown at [C:\re\workspace\8-2-build-windows-amd64-cygwin\jdk8u161\10277\hotspot\src\share\vm\interpreter\linkResolver.cpp, line 1185]
Event: 0.179 Thread 0x0000000002f22800 Exception <a 'java/lang/NullPointerException'> (0x000000071701c410) thrown at [C:\re\workspace\8-2-build-windows-amd64-cygwin\jdk8u161\10277\hotspot\src\share\vm\interpreter\linkResolver.cpp, line 1185]
Event: 0.179 Thread 0x0000000002f22800 Exception <a 'java/lang/NullPointerException'> (0x000000071701c688) thrown at [C:\re\workspace\8-2-build-windows-amd64-cygwin\jdk8u161\10277\hotspot\src\share\vm\interpreter\linkResolver.cpp, line 1185]
Event: 0.565 Thread 0x0000000002f22800 Exception <a 'java/security/PrivilegedActionException'> (0x000000071b44dfd8) thrown at [C:\re\workspace\8-2-build-windows-amd64-cygwin\jdk8u161\10277\hotspot\src\share\vm\prims\jvm.cpp, line 1390]
Event: 0.565 Thread 0x0000000002f22800 Exception <a 'java/security/PrivilegedActionException'> (0x000000071b44e1e8) thrown at [C:\re\workspace\8-2-build-windows-amd64-cygwin\jdk8u161\10277\hotspot\src\share\vm\prims\jvm.cpp, line 1390]
Event: 0.566 Thread 0x0000000002f22800 Exception <a 'java/security/PrivilegedActionException'> (0x000000071b4520f8) thrown at [C:\re\workspace\8-2-build-windows-amd64-cygwin\jdk8u161\10277\hotspot\src\share\vm\prims\jvm.cpp, line 1390]
Event: 0.566 Thread 0x0000000002f22800 Exception <a 'java/security/PrivilegedActionException'> (0x000000071b452308) thrown at [C:\re\workspace\8-2-build-windows-amd64-cygwin\jdk8u161\10277\hotspot\src\share\vm\prims\jvm.cpp, line 1390]
Event: 1.702 Thread 0x0000000002f22800 Exception <a 'java/io/FileNotFoundException'> (0x000000071d5f5b80) thrown at [C:\re\workspace\8-2-build-windows-amd64-cygwin\jdk8u161\10277\hotspot\src\share\vm\prims\jni.cpp, line 709]
Event: 1.744 Thread 0x0000000002f22800 Exception <a 'java/lang/NoSuchFieldError': method resolution failed> (0x000000071d6c42c0) thrown at [C:\re\workspace\8-2-build-windows-amd64-cygwin\jdk8u161\10277\hotspot\src\share\vm\prims\methodHandles.cpp, line 1167]
Event: 1.746 Thread 0x0000000002f22800 Exception <a 'java/lang/NoSuchFieldError': method resolution failed> (0x000000071d6d1818) thrown at [C:\re\workspace\8-2-build-windows-amd64-cygwin\jdk8u161\10277\hotspot\src\share\vm\prims\methodHandles.cpp, line 1167]

Events (10 events):
Event: 4.190 Thread 0x0000000002f22800 DEOPT UNPACKING pc=0x000000000306583b sp=0x0000000002eff110 mode 2
Event: 4.244 loading class java/util/regex/Pattern$1
Event: 4.244 loading class java/util/regex/Pattern$1 done
Event: 4.253 Thread 0x0000000002f22800 Uncommon trap: trap_request=0xffffff65 fr.pc=0x0000000003650290
Event: 4.253 Thread 0x0000000002f22800 DEOPT PACKING pc=0x0000000003650290 sp=0x0000000002eff040
Event: 4.253 Thread 0x0000000002f22800 DEOPT UNPACKING pc=0x000000000306583b sp=0x0000000002efef20 mode 2
Event: 4.793 Executing VM operation: ParallelGCFailedAllocation
Event: 4.813 Executing VM operation: ParallelGCFailedAllocation done
Event: 5.738 Executing VM operation: ParallelGCFailedAllocation
Event: 5.755 Executing VM operation: ParallelGCFailedAllocation done


Dynamic libraries:
0x00007ff76df40000 - 0x00007ff76df77000 	C:\PROGRA~1\Java\jdk1.8.0_161\bin\java.exe
0x00007ffc46b70000 - 0x00007ffc46d51000 	C:\windows\SYSTEM32\ntdll.dll
0x00007ffc46350000 - 0x00007ffc46402000 	C:\windows\System32\KERNEL32.DLL
0x00007ffc43ac0000 - 0x00007ffc43d33000 	C:\windows\System32\KERNELBASE.dll
0x00007ffc44210000 - 0x00007ffc442b1000 	C:\windows\System32\ADVAPI32.dll
0x00007ffc461c0000 - 0x00007ffc4625e000 	C:\windows\System32\msvcrt.dll
0x00007ffc44840000 - 0x00007ffc4489b000 	C:\windows\System32\sechost.dll
0x00007ffc45f00000 - 0x00007ffc46024000 	C:\windows\System32\RPCRT4.dll
0x00007ffc46030000 - 0x00007ffc461c0000 	C:\windows\System32\USER32.dll
0x00007ffc43d40000 - 0x00007ffc43d60000 	C:\windows\System32\win32u.dll
0x00007ffc46260000 - 0x00007ffc46288000 	C:\windows\System32\GDI32.dll
0x00007ffc43920000 - 0x00007ffc43ab2000 	C:\windows\System32\gdi32full.dll
0x00007ffc42f90000 - 0x00007ffc4302f000 	C:\windows\System32\msvcp_win.dll
0x00007ffc43740000 - 0x00007ffc4383a000 	C:\windows\System32\ucrtbase.dll
0x00007ffc34450000 - 0x00007ffc346b9000 	C:\windows\WinSxS\amd64_microsoft.windows.common-controls_6595b64144ccf1df_6.0.17134.590_none_fb3d9bff3069e088\COMCTL32.dll
0x00007ffc46810000 - 0x00007ffc46b32000 	C:\windows\System32\combase.dll
0x00007ffc438a0000 - 0x00007ffc4391a000 	C:\windows\System32\bcryptPrimitives.dll
0x00007ffc462a0000 - 0x00007ffc462cd000 	C:\windows\System32\IMM32.DLL
0x0000000055650000 - 0x0000000055722000 	C:\PROGRA~1\Java\jdk1.8.0_161\jre\bin\msvcr100.dll
0x0000000054db0000 - 0x000000005564f000 	C:\PROGRA~1\Java\jdk1.8.0_161\jre\bin\server\jvm.dll
0x00007ffc46290000 - 0x00007ffc46298000 	C:\windows\System32\PSAPI.DLL
0x00007ffc39100000 - 0x00007ffc39123000 	C:\windows\SYSTEM32\WINMM.dll
0x00007ffc32100000 - 0x00007ffc32109000 	C:\windows\SYSTEM32\WSOCK32.dll
0x00007ffc42200000 - 0x00007ffc4220a000 	C:\windows\SYSTEM32\VERSION.dll
0x00007ffc45e70000 - 0x00007ffc45edc000 	C:\windows\System32\WS2_32.dll
0x00007ffc390d0000 - 0x00007ffc390fa000 	C:\windows\SYSTEM32\WINMMBASE.dll
0x00007ffc42f40000 - 0x00007ffc42f89000 	C:\windows\System32\cfgmgr32.dll
0x00000000557f0000 - 0x00000000557ff000 	C:\PROGRA~1\Java\jdk1.8.0_161\jre\bin\verify.dll
0x00000000557c0000 - 0x00000000557e9000 	C:\PROGRA~1\Java\jdk1.8.0_161\jre\bin\java.dll
0x00000000557a0000 - 0x00000000557b6000 	C:\PROGRA~1\Java\jdk1.8.0_161\jre\bin\zip.dll
0x00007ffc44a20000 - 0x00007ffc45e60000 	C:\windows\System32\SHELL32.dll
0x00007ffc46410000 - 0x00007ffc464b9000 	C:\windows\System32\shcore.dll
0x00007ffc43030000 - 0x00007ffc4373d000 	C:\windows\System32\windows.storage.dll
0x00007ffc46620000 - 0x00007ffc46671000 	C:\windows\System32\shlwapi.dll
0x00007ffc42f00000 - 0x00007ffc42f11000 	C:\windows\System32\kernel.appcore.dll
0x00007ffc42ee0000 - 0x00007ffc42eff000 	C:\windows\System32\profapi.dll
0x00007ffc42e90000 - 0x00007ffc42edc000 	C:\windows\System32\powrprof.dll
0x00007ffc42e80000 - 0x00007ffc42e8a000 	C:\windows\System32\FLTLIB.DLL
0x0000000054c10000 - 0x0000000054da8000 	C:\Program Files\Java\jdk1.8.0_161\jre\bin\awt.dll
0x00007ffc44770000 - 0x00007ffc44833000 	C:\windows\System32\OLEAUT32.dll
0x00007ffc40690000 - 0x00007ffc4071b000 	C:\windows\SYSTEM32\apphelp.dll

VM Arguments:
java_command: vpalm.jar D:/OneDrive/Travail_AMAP/Palm_agroforestry/Palm_Rice/Designs/Vpalm_outputs/VPalm_inputs/Average_Average_MAP_72.txt D:/OneDrive/Travail_AMAP/Palm_agroforestry/Palm_Rice/Designs/Vpalm_outputs/scenes/opf/Average_Average_MAP_72.opf
java_class_path (initial): vpalm.jar
Launcher Type: SUN_STANDARD

Environment Variables:
USERNAME=vezy
DISPLAY=:0
OS=Windows_NT
PROCESSOR_IDENTIFIER=Intel64 Family 6 Model 158 Stepping 10, GenuineIntel



---------------  S Y S T E M  ---------------

OS: Windows 10.0 , 64 bit Build 17134 (10.0.17134.556)

CPU:total 12 (initial active 12) (6 cores per cpu, 2 threads per core) family 6 model 158 stepping 10, cmov, cx8, fxsr, mmx, sse, sse2, sse3, ssse3, sse4.1, sse4.2, popcnt, avx, avx2, aes, clmul, erms, rtm, 3dnowpref, lzcnt, ht, tsc, tscinvbit, bmi1, bmi2, adx

Memory: 4k page, physical 33308888k(735152k free), swap 52508884k(5124k free)

vm_info: Java HotSpot(TM) 64-Bit Server VM (25.161-b12) for windows-amd64 JRE (1.8.0_161-b12), built on Dec 19 2017 17:52:25 by "java_re" with MS VC++ 10.0 (VS2010)

time: Thu Apr 25 14:57:00 2019
elapsed time: 6 seconds (0d 0h 0m 6s)

