#
# There is insufficient memory for the Java Runtime Environment to continue.
# Native memory allocation (malloc) failed to allocate 65552 bytes for Chunk::new
# Possible reasons:
#   The system is out of physical RAM or swap space
#   In 32 bit mode, the process size limit was hit
# Possible solutions:
#   Reduce memory load on the system
#   Increase physical memory or swap space
#   Check if swap backing store is full
#   Use 64 bit Java on a 64 bit OS
#   Decrease Java heap size (-Xmx/-Xms)
#   Decrease number of Java threads
#   Decrease Java thread stack sizes (-Xss)
#   Set larger code cache with -XX:ReservedCodeCacheSize=
# This output file may be truncated or incomplete.
#
#  Out of Memory Error (allocation.cpp:390), pid=24972, tid=0x000000000000478c
#
# JRE version: Java(TM) SE Runtime Environment (8.0_161-b12) (build 1.8.0_161-b12)
# Java VM: Java HotSpot(TM) 64-Bit Server VM (25.161-b12 mixed mode windows-amd64 compressed oops)
# Failed to write core dump. Minidumps are not enabled by default on client versions of Windows
#

---------------  T H R E A D  ---------------

Current thread (0x0000000026fb5800):  JavaThread "C2 CompilerThread1" daemon [_thread_in_native, id=18316, stack(0x0000000028720000,0x0000000028820000)]

Stack: [0x0000000028720000,0x0000000028820000]
[error occurred during error reporting (printing stack bounds), id 0xc0000005]

Native frames: (J=compiled Java code, j=interpreted, Vv=VM code, C=native code)


Current CompileTask:
C2:   6003 1422 % !   4       jeeb.lib.formats.OPFWriterV2::serializeArchiNode @ 656 (1158 bytes)


---------------  P R O C E S S  ---------------

Java Threads: ( => current thread )
  0x000000002705b000 JavaThread "Service Thread" daemon [_thread_blocked, id=21136, stack(0x0000000028a20000,0x0000000028b20000)]
  0x0000000026fbf800 JavaThread "C1 CompilerThread3" daemon [_thread_blocked, id=8172, stack(0x0000000028920000,0x0000000028a20000)]
  0x0000000026fbe800 JavaThread "C2 CompilerThread2" daemon [_thread_blocked, id=22296, stack(0x0000000028820000,0x0000000028920000)]
=>0x0000000026fb5800 JavaThread "C2 CompilerThread1" daemon [_thread_in_native, id=18316, stack(0x0000000028720000,0x0000000028820000)]
  0x0000000026fb0800 JavaThread "C2 CompilerThread0" daemon [_thread_blocked, id=19332, stack(0x0000000028620000,0x0000000028720000)]
  0x0000000026faf000 JavaThread "Attach Listener" daemon [_thread_blocked, id=17428, stack(0x0000000028520000,0x0000000028620000)]
  0x0000000026fad000 JavaThread "Signal Dispatcher" daemon [_thread_blocked, id=14524, stack(0x0000000028420000,0x0000000028520000)]
  0x0000000026fa3000 JavaThread "Finalizer" daemon [_thread_blocked, id=19464, stack(0x0000000028200000,0x0000000028300000)]
  0x00000000258bd000 JavaThread "Reference Handler" daemon [_thread_blocked, id=18300, stack(0x0000000028100000,0x0000000028200000)]
  0x00000000026c2800 JavaThread "main" [_thread_in_Java, id=15928, stack(0x00000000025c0000,0x00000000026c0000)]

Other Threads:
  0x00000000258b7000 VMThread [stack: 0x0000000028000000,0x0000000028100000] [id=10716]
  0x0000000027060800 WatcherThread [stack: 0x0000000028b20000,0x0000000028c20000] [id=7576]

VM state:not at safepoint (normal execution)

VM Mutex/Monitor currently owned by a thread: None

Heap:
 PSYoungGen      total 545792K, used 440009K [0x0000000716900000, 0x0000000760500000, 0x00000007c0000000)
  eden space 524288K, 79% used [0x0000000716900000,0x00000007301b4d18,0x0000000736900000)
  from space 21504K, 99% used [0x0000000736900000,0x0000000737dfd990,0x0000000737e00000)
  to   space 79872K, 0% used [0x000000075b700000,0x000000075b700000,0x0000000760500000)
 ParOldGen       total 348160K, used 95664K [0x00000005c3a00000, 0x00000005d8e00000, 0x0000000716900000)
  object space 348160K, 27% used [0x00000005c3a00000,0x00000005c976c0b8,0x00000005d8e00000)
 Metaspace       used 6649K, capacity 6768K, committed 6912K, reserved 1056768K
  class space    used 663K, capacity 728K, committed 768K, reserved 1048576K

Card table byte_map: [0x0000000011b80000,0x0000000012b70000] byte_map_base: 0x000000000ed63000

Marking Bits: (ParMarkBitMap*) 0x00000000555cf860
 Begin Bits: [0x0000000014010000, 0x000000001bf28000)
 End Bits:   [0x000000001bf28000, 0x0000000023e40000)

Polling page: 0x0000000000660000

CodeCache: size=245760Kb used=6427Kb max_used=6435Kb free=239332Kb
 bounds [0x00000000027c0000, 0x0000000002e10000, 0x00000000117c0000]
 total_blobs=1758 nmethods=1427 adapters=243
 compilation: enabled

Compilation events (10 events):
Event: 4.831 Thread 0x0000000026fbf800 1439       3       sun.misc.FDBigInteger::multDiffMe (297 bytes)
Event: 4.832 Thread 0x0000000026fbf800 nmethod 1439 0x0000000002e00a90 code [0x0000000002e00c40, 0x0000000002e01370]
Event: 4.832 Thread 0x0000000026fbf800 1438       3       sun.misc.FDBigInteger::quoRemIteration (337 bytes)
Event: 4.833 Thread 0x0000000026fbf800 nmethod 1438 0x0000000002e08bd0 code [0x0000000002e08de0, 0x0000000002e09658]
Event: 4.834 Thread 0x0000000026fbf800 1441       3       sun.misc.FDBigInteger::multBy10 (178 bytes)
Event: 4.835 Thread 0x0000000026fbf800 nmethod 1441 0x0000000002e09e10 code [0x0000000002e0a020, 0x0000000002e0a9b8]
Event: 5.118 Thread 0x0000000026fb0800 1442       4       java.lang.Float::toString (8 bytes)
Event: 5.127 Thread 0x0000000026fb0800 nmethod 1442 0x0000000002e0e010 code [0x0000000002e0e1c0, 0x0000000002e0e850]
Event: 5.195 Thread 0x0000000026fbf800 1443       3       sun.misc.FDBigInteger::addAndCmp (292 bytes)
Event: 5.195 Thread 0x0000000026fbf800 nmethod 1443 0x0000000002e0cf50 code [0x0000000002e0d140, 0x0000000002e0da68]

GC Heap History (10 events):
Event: 1.241 GC heap before
{Heap before GC invocations=1 (full 0):
 PSYoungGen      total 152576K, used 131072K [0x0000000716900000, 0x0000000721300000, 0x00000007c0000000)
  eden space 131072K, 100% used [0x0000000716900000,0x000000071e900000,0x000000071e900000)
  from space 21504K, 0% used [0x000000071fe00000,0x000000071fe00000,0x0000000721300000)
  to   space 21504K, 0% used [0x000000071e900000,0x000000071e900000,0x000000071fe00000)
 ParOldGen       total 348160K, used 0K [0x00000005c3a00000, 0x00000005d8e00000, 0x0000000716900000)
  object space 348160K, 0% used [0x00000005c3a00000,0x00000005c3a00000,0x00000005d8e00000)
 Metaspace       used 5254K, capacity 5440K, committed 5760K, reserved 1056768K
  class space    used 523K, capacity 560K, committed 640K, reserved 1048576K
Event: 1.298 GC heap after
Heap after GC invocations=1 (full 0):
 PSYoungGen      total 152576K, used 21488K [0x0000000716900000, 0x0000000729300000, 0x00000007c0000000)
  eden space 131072K, 0% used [0x0000000716900000,0x0000000716900000,0x000000071e900000)
  from space 21504K, 99% used [0x000000071e900000,0x000000071fdfc378,0x000000071fe00000)
  to   space 21504K, 0% used [0x0000000727e00000,0x0000000727e00000,0x0000000729300000)
 ParOldGen       total 348160K, used 29599K [0x00000005c3a00000, 0x00000005d8e00000, 0x0000000716900000)
  object space 348160K, 8% used [0x00000005c3a00000,0x00000005c56e7d70,0x00000005d8e00000)
 Metaspace       used 5254K, capacity 5440K, committed 5760K, reserved 1056768K
  class space    used 523K, capacity 560K, committed 640K, reserved 1048576K
}
Event: 2.082 GC heap before
{Heap before GC invocations=2 (full 0):
 PSYoungGen      total 152576K, used 152560K [0x0000000716900000, 0x0000000729300000, 0x00000007c0000000)
  eden space 131072K, 100% used [0x0000000716900000,0x000000071e900000,0x000000071e900000)
  from space 21504K, 99% used [0x000000071e900000,0x000000071fdfc378,0x000000071fe00000)
  to   space 21504K, 0% used [0x0000000727e00000,0x0000000727e00000,0x0000000729300000)
 ParOldGen       total 348160K, used 29599K [0x00000005c3a00000, 0x00000005d8e00000, 0x0000000716900000)
  object space 348160K, 8% used [0x00000005c3a00000,0x00000005c56e7d70,0x00000005d8e00000)
 Metaspace       used 6368K, capacity 6512K, committed 6656K, reserved 1056768K
  class space    used 649K, capacity 728K, committed 768K, reserved 1048576K
Event: 2.120 GC heap after
Heap after GC invocations=2 (full 0):
 PSYoungGen      total 283648K, used 21495K [0x0000000716900000, 0x0000000729300000, 0x00000007c0000000)
  eden space 262144K, 0% used [0x0000000716900000,0x0000000716900000,0x0000000726900000)
  from space 21504K, 99% used [0x0000000727e00000,0x00000007292fdcf8,0x0000000729300000)
  to   space 21504K, 0% used [0x0000000726900000,0x0000000726900000,0x0000000727e00000)
 ParOldGen       total 348160K, used 46710K [0x00000005c3a00000, 0x00000005d8e00000, 0x0000000716900000)
  object space 348160K, 13% used [0x00000005c3a00000,0x00000005c679da28,0x00000005d8e00000)
 Metaspace       used 6368K, capacity 6512K, committed 6656K, reserved 1056768K
  class space    used 649K, capacity 728K, committed 768K, reserved 1048576K
}
Event: 2.939 GC heap before
{Heap before GC invocations=3 (full 0):
 PSYoungGen      total 283648K, used 283639K [0x0000000716900000, 0x0000000729300000, 0x00000007c0000000)
  eden space 262144K, 100% used [0x0000000716900000,0x0000000726900000,0x0000000726900000)
  from space 21504K, 99% used [0x0000000727e00000,0x00000007292fdcf8,0x0000000729300000)
  to   space 21504K, 0% used [0x0000000726900000,0x0000000726900000,0x0000000727e00000)
 ParOldGen       total 348160K, used 46710K [0x00000005c3a00000, 0x00000005d8e00000, 0x0000000716900000)
  object space 348160K, 13% used [0x00000005c3a00000,0x00000005c679da28,0x00000005d8e00000)
 Metaspace       used 6470K, capacity 6640K, committed 6912K, reserved 1056768K
  class space    used 653K, capacity 728K, committed 768K, reserved 1048576K
Event: 3.002 GC heap after
Heap after GC invocations=3 (full 0):
 PSYoungGen      total 283648K, used 21494K [0x0000000716900000, 0x0000000739300000, 0x00000007c0000000)
  eden space 262144K, 0% used [0x0000000716900000,0x0000000716900000,0x0000000726900000)
  from space 21504K, 99% used [0x0000000726900000,0x0000000727dfd990,0x0000000727e00000)
  to   space 21504K, 0% used [0x0000000737e00000,0x0000000737e00000,0x0000000739300000)
 ParOldGen       total 348160K, used 95222K [0x00000005c3a00000, 0x00000005d8e00000, 0x0000000716900000)
  object space 348160K, 27% used [0x00000005c3a00000,0x00000005c96fdad8,0x00000005d8e00000)
 Metaspace       used 6470K, capacity 6640K, committed 6912K, reserved 1056768K
  class space    used 653K, capacity 728K, committed 768K, reserved 1048576K
}
Event: 3.592 GC heap before
{Heap before GC invocations=4 (full 0):
 PSYoungGen      total 283648K, used 283638K [0x0000000716900000, 0x0000000739300000, 0x00000007c0000000)
  eden space 262144K, 100% used [0x0000000716900000,0x0000000726900000,0x0000000726900000)
  from space 21504K, 99% used [0x0000000726900000,0x0000000727dfd990,0x0000000727e00000)
  to   space 21504K, 0% used [0x0000000737e00000,0x0000000737e00000,0x0000000739300000)
 ParOldGen       total 348160K, used 95222K [0x00000005c3a00000, 0x00000005d8e00000, 0x0000000716900000)
  object space 348160K, 27% used [0x00000005c3a00000,0x00000005c96fdad8,0x00000005d8e00000)
 Metaspace       used 6470K, capacity 6640K, committed 6912K, reserved 1056768K
  class space    used 653K, capacity 728K, committed 768K, reserved 1048576K
Event: 3.613 GC heap after
Heap after GC invocations=4 (full 0):
 PSYoungGen      total 545792K, used 21494K [0x0000000716900000, 0x0000000739300000, 0x00000007c0000000)
  eden space 524288K, 0% used [0x0000000716900000,0x0000000716900000,0x0000000736900000)
  from space 21504K, 99% used [0x0000000737e00000,0x00000007392fd990,0x0000000739300000)
  to   space 21504K, 0% used [0x0000000736900000,0x0000000736900000,0x0000000737e00000)
 ParOldGen       total 348160K, used 95300K [0x00000005c3a00000, 0x00000005d8e00000, 0x0000000716900000)
  object space 348160K, 27% used [0x00000005c3a00000,0x00000005c97110a8,0x00000005d8e00000)
 Metaspace       used 6470K, capacity 6640K, committed 6912K, reserved 1056768K
  class space    used 653K, capacity 728K, committed 768K, reserved 1048576K
}
Event: 5.056 GC heap before
{Heap before GC invocations=5 (full 0):
 PSYoungGen      total 545792K, used 545782K [0x0000000716900000, 0x0000000739300000, 0x00000007c0000000)
  eden space 524288K, 100% used [0x0000000716900000,0x0000000736900000,0x0000000736900000)
  from space 21504K, 99% used [0x0000000737e00000,0x00000007392fd990,0x0000000739300000)
  to   space 21504K, 0% used [0x0000000736900000,0x0000000736900000,0x0000000737e00000)
 ParOldGen       total 348160K, used 95300K [0x00000005c3a00000, 0x00000005d8e00000, 0x0000000716900000)
  object space 348160K, 27% used [0x00000005c3a00000,0x00000005c97110a8,0x00000005d8e00000)
 Metaspace       used 6648K, capacity 6768K, committed 6912K, reserved 1056768K
  class space    used 663K, capacity 728K, committed 768K, reserved 1048576K
Event: 5.093 GC heap after
Heap after GC invocations=5 (full 0):
 PSYoungGen      total 545792K, used 21494K [0x0000000716900000, 0x0000000760500000, 0x00000007c0000000)
  eden space 524288K, 0% used [0x0000000716900000,0x0000000716900000,0x0000000736900000)
  from space 21504K, 99% used [0x0000000736900000,0x0000000737dfd990,0x0000000737e00000)
  to   space 79872K, 0% used [0x000000075b700000,0x000000075b700000,0x0000000760500000)
 ParOldGen       total 348160K, used 95664K [0x00000005c3a00000, 0x00000005d8e00000, 0x0000000716900000)
  object space 348160K, 27% used [0x00000005c3a00000,0x00000005c976c0b8,0x00000005d8e00000)
 Metaspace       used 6648K, capacity 6768K, committed 6912K, reserved 1056768K
  class space    used 663K, capacity 728K, committed 768K, reserved 1048576K
}

Deoptimization events (10 events):
Event: 3.630 Thread 0x00000000026c2800 Uncommon trap: reason=unstable_if action=reinterpret pc=0x0000000002d3d51c method=sun.misc.FloatingDecimal$BinaryToASCIIBuffer.dtoa(IJIZ)V @ 379
Event: 4.131 Thread 0x00000000026c2800 Uncommon trap: reason=unstable_if action=reinterpret pc=0x0000000002d442d4 method=sun.misc.FloatingDecimal$BinaryToASCIIBuffer.developLongDigits(IJI)V @ 104
Event: 4.131 Thread 0x00000000026c2800 Uncommon trap: reason=unstable_if action=reinterpret pc=0x0000000002cb0b7c method=sun.misc.FloatingDecimal$BinaryToASCIIBuffer.getChars([C)I @ 94
Event: 4.131 Thread 0x00000000026c2800 Uncommon trap: reason=unstable_if action=reinterpret pc=0x0000000002d131d8 method=sun.misc.FloatingDecimal$BinaryToASCIIBuffer.developLongDigits(IJI)V @ 104
Event: 4.131 Thread 0x00000000026c2800 Uncommon trap: reason=unstable_if action=reinterpret pc=0x0000000002c43570 method=java.util.HashMap.entrySet()Ljava/util/Set; @ 6
Event: 4.177 Thread 0x00000000026c2800 Uncommon trap: reason=unstable_if action=reinterpret pc=0x0000000002cf74a4 method=java.lang.Integer.getChars(II[C)V @ 20
Event: 4.178 Thread 0x00000000026c2800 Uncommon trap: reason=unstable_if action=reinterpret pc=0x00000000029c6924 method=java.lang.Integer.getChars(II[C)V @ 20
Event: 4.268 Thread 0x00000000026c2800 Uncommon trap: reason=unstable_if action=reinterpret pc=0x0000000002caf53c method=sun.misc.FloatingDecimal.getBinaryToASCIIConverter(F)Lsun/misc/FloatingDecimal$BinaryToASCIIConverter; @ 75
Event: 4.269 Thread 0x00000000026c2800 Uncommon trap: reason=unstable_if action=reinterpret pc=0x0000000002ca4d98 method=java.lang.Integer.toString(I)Ljava/lang/String; @ 10
Event: 4.345 Thread 0x00000000026c2800 Uncommon trap: reason=unstable_if action=reinterpret pc=0x0000000002dde478 method=sun.misc.FloatingDecimal$BinaryToASCIIBuffer.dtoa(IJIZ)V @ 824

Classes redefined (0 events):
No events

Internal exceptions (10 events):
Event: 0.288 Thread 0x00000000026c2800 Exception <a 'java/lang/NullPointerException'> (0x000000071701c2e0) thrown at [C:\re\workspace\8-2-build-windows-amd64-cygwin\jdk8u161\10277\hotspot\src\share\vm\interpreter\linkResolver.cpp, line 1185]
Event: 0.288 Thread 0x00000000026c2800 Exception <a 'java/lang/NullPointerException'> (0x000000071701c558) thrown at [C:\re\workspace\8-2-build-windows-amd64-cygwin\jdk8u161\10277\hotspot\src\share\vm\interpreter\linkResolver.cpp, line 1185]
Event: 0.777 Thread 0x00000000026c2800 Exception <a 'java/security/PrivilegedActionException'> (0x000000071b44e680) thrown at [C:\re\workspace\8-2-build-windows-amd64-cygwin\jdk8u161\10277\hotspot\src\share\vm\prims\jvm.cpp, line 1390]
Event: 0.777 Thread 0x00000000026c2800 Exception <a 'java/security/PrivilegedActionException'> (0x000000071b44e890) thrown at [C:\re\workspace\8-2-build-windows-amd64-cygwin\jdk8u161\10277\hotspot\src\share\vm\prims\jvm.cpp, line 1390]
Event: 0.778 Thread 0x00000000026c2800 Exception <a 'java/security/PrivilegedActionException'> (0x000000071b4527a0) thrown at [C:\re\workspace\8-2-build-windows-amd64-cygwin\jdk8u161\10277\hotspot\src\share\vm\prims\jvm.cpp, line 1390]
Event: 0.778 Thread 0x00000000026c2800 Exception <a 'java/security/PrivilegedActionException'> (0x000000071b4529b0) thrown at [C:\re\workspace\8-2-build-windows-amd64-cygwin\jdk8u161\10277\hotspot\src\share\vm\prims\jvm.cpp, line 1390]
Event: 0.961 Thread 0x00000000026c2800 Implicit null exception at 0x0000000002a4fdf6 to 0x0000000002a4fe42
Event: 1.918 Thread 0x00000000026c2800 Exception <a 'java/io/FileNotFoundException'> (0x000000071d551f00) thrown at [C:\re\workspace\8-2-build-windows-amd64-cygwin\jdk8u161\10277\hotspot\src\share\vm\prims\jni.cpp, line 709]
Event: 1.966 Thread 0x00000000026c2800 Exception <a 'java/lang/NoSuchFieldError': method resolution failed> (0x000000071d620718) thrown at [C:\re\workspace\8-2-build-windows-amd64-cygwin\jdk8u161\10277\hotspot\src\share\vm\prims\methodHandles.cpp, line 1167]
Event: 1.969 Thread 0x00000000026c2800 Exception <a 'java/lang/NoSuchFieldError': method resolution failed> (0x000000071d62dc70) thrown at [C:\re\workspace\8-2-build-windows-amd64-cygwin\jdk8u161\10277\hotspot\src\share\vm\prims\methodHandles.cpp, line 1167]

Events (10 events):
Event: 4.269 Thread 0x00000000026c2800 Uncommon trap: trap_request=0xffffff65 fr.pc=0x0000000002ca4d98
Event: 4.269 Thread 0x00000000026c2800 DEOPT PACKING pc=0x0000000002ca4d98 sp=0x00000000026bf240
Event: 4.269 Thread 0x00000000026c2800 DEOPT UNPACKING pc=0x000000000280583b sp=0x00000000026bf1e0 mode 2
Event: 4.315 loading class java/util/regex/Pattern$1
Event: 4.315 loading class java/util/regex/Pattern$1 done
Event: 4.345 Thread 0x00000000026c2800 Uncommon trap: trap_request=0xffffff65 fr.pc=0x0000000002dde478
Event: 4.345 Thread 0x00000000026c2800 DEOPT PACKING pc=0x0000000002dde478 sp=0x00000000026bf200
Event: 4.345 Thread 0x00000000026c2800 DEOPT UNPACKING pc=0x000000000280583b sp=0x00000000026bf0e0 mode 2
Event: 5.056 Executing VM operation: ParallelGCFailedAllocation
Event: 5.093 Executing VM operation: ParallelGCFailedAllocation done


Dynamic libraries:
0x00007ff76df40000 - 0x00007ff76df77000 	C:\PROGRA~1\Java\jdk1.8.0_161\bin\java.exe
0x00007ffc46b70000 - 0x00007ffc46d51000 	C:\windows\SYSTEM32\ntdll.dll
0x00007ffc46350000 - 0x00007ffc46402000 	C:\windows\System32\KERNEL32.DLL
0x00007ffc43ac0000 - 0x00007ffc43d33000 	C:\windows\System32\KERNELBASE.dll
0x00007ffc44210000 - 0x00007ffc442b1000 	C:\windows\System32\ADVAPI32.dll
0x00007ffc461c0000 - 0x00007ffc4625e000 	C:\windows\System32\msvcrt.dll
0x00007ffc44840000 - 0x00007ffc4489b000 	C:\windows\System32\sechost.dll
0x00007ffc45f00000 - 0x00007ffc46024000 	C:\windows\System32\RPCRT4.dll
0x00007ffc46030000 - 0x00007ffc461c0000 	C:\windows\System32\USER32.dll
0x00007ffc43d40000 - 0x00007ffc43d60000 	C:\windows\System32\win32u.dll
0x00007ffc46260000 - 0x00007ffc46288000 	C:\windows\System32\GDI32.dll
0x00007ffc43920000 - 0x00007ffc43ab2000 	C:\windows\System32\gdi32full.dll
0x00007ffc42f90000 - 0x00007ffc4302f000 	C:\windows\System32\msvcp_win.dll
0x00007ffc43740000 - 0x00007ffc4383a000 	C:\windows\System32\ucrtbase.dll
0x00007ffc34450000 - 0x00007ffc346b9000 	C:\windows\WinSxS\amd64_microsoft.windows.common-controls_6595b64144ccf1df_6.0.17134.590_none_fb3d9bff3069e088\COMCTL32.dll
0x00007ffc46810000 - 0x00007ffc46b32000 	C:\windows\System32\combase.dll
0x00007ffc438a0000 - 0x00007ffc4391a000 	C:\windows\System32\bcryptPrimitives.dll
0x00007ffc462a0000 - 0x00007ffc462cd000 	C:\windows\System32\IMM32.DLL
0x0000000055650000 - 0x0000000055722000 	C:\PROGRA~1\Java\jdk1.8.0_161\jre\bin\msvcr100.dll
0x0000000054db0000 - 0x000000005564f000 	C:\PROGRA~1\Java\jdk1.8.0_161\jre\bin\server\jvm.dll
0x00007ffc46290000 - 0x00007ffc46298000 	C:\windows\System32\PSAPI.DLL
0x00007ffc32100000 - 0x00007ffc32109000 	C:\windows\SYSTEM32\WSOCK32.dll
0x00007ffc45e70000 - 0x00007ffc45edc000 	C:\windows\System32\WS2_32.dll
0x00007ffc39100000 - 0x00007ffc39123000 	C:\windows\SYSTEM32\WINMM.dll
0x00007ffc42200000 - 0x00007ffc4220a000 	C:\windows\SYSTEM32\VERSION.dll
0x00007ffc390d0000 - 0x00007ffc390fa000 	C:\windows\SYSTEM32\WINMMBASE.dll
0x00007ffc42f40000 - 0x00007ffc42f89000 	C:\windows\System32\cfgmgr32.dll
0x00000000557f0000 - 0x00000000557ff000 	C:\PROGRA~1\Java\jdk1.8.0_161\jre\bin\verify.dll
0x00000000557c0000 - 0x00000000557e9000 	C:\PROGRA~1\Java\jdk1.8.0_161\jre\bin\java.dll
0x00000000557a0000 - 0x00000000557b6000 	C:\PROGRA~1\Java\jdk1.8.0_161\jre\bin\zip.dll
0x00007ffc44a20000 - 0x00007ffc45e60000 	C:\windows\System32\SHELL32.dll
0x00007ffc46410000 - 0x00007ffc464b9000 	C:\windows\System32\shcore.dll
0x00007ffc43030000 - 0x00007ffc4373d000 	C:\windows\System32\windows.storage.dll
0x00007ffc46620000 - 0x00007ffc46671000 	C:\windows\System32\shlwapi.dll
0x00007ffc42f00000 - 0x00007ffc42f11000 	C:\windows\System32\kernel.appcore.dll
0x00007ffc42ee0000 - 0x00007ffc42eff000 	C:\windows\System32\profapi.dll
0x00007ffc42e90000 - 0x00007ffc42edc000 	C:\windows\System32\powrprof.dll
0x00007ffc42e80000 - 0x00007ffc42e8a000 	C:\windows\System32\FLTLIB.DLL
0x0000000054c10000 - 0x0000000054da8000 	C:\Program Files\Java\jdk1.8.0_161\jre\bin\awt.dll
0x00007ffc44770000 - 0x00007ffc44833000 	C:\windows\System32\OLEAUT32.dll
0x00007ffc40690000 - 0x00007ffc4071b000 	C:\windows\SYSTEM32\apphelp.dll

VM Arguments:
java_command: vpalm.jar D:/OneDrive/Travail_AMAP/Palm_agroforestry/Palm_Rice/Designs/Vpalm_outputs/VPalm_inputs/DA1_Average_MAP_72.txt D:/OneDrive/Travail_AMAP/Palm_agroforestry/Palm_Rice/Designs/Vpalm_outputs/scenes/opf/DA1_Average_MAP_72.opf
java_class_path (initial): vpalm.jar
Launcher Type: SUN_STANDARD

Environment Variables:
USERNAME=vezy
DISPLAY=:0
OS=Windows_NT
PROCESSOR_IDENTIFIER=Intel64 Family 6 Model 158 Stepping 10, GenuineIntel



---------------  S Y S T E M  ---------------

OS: Windows 10.0 , 64 bit Build 17134 (10.0.17134.556)

CPU:total 12 (initial active 12) (6 cores per cpu, 2 threads per core) family 6 model 158 stepping 10, cmov, cx8, fxsr, mmx, sse, sse2, sse3, ssse3, sse4.1, sse4.2, popcnt, avx, avx2, aes, clmul, erms, rtm, 3dnowpref, lzcnt, ht, tsc, tscinvbit, bmi1, bmi2, adx

Memory: 4k page, physical 33308888k(721704k free), swap 52508884k(3640k free)

vm_info: Java HotSpot(TM) 64-Bit Server VM (25.161-b12) for windows-amd64 JRE (1.8.0_161-b12), built on Dec 19 2017 17:52:25 by "java_re" with MS VC++ 10.0 (VS2010)

time: Thu Apr 25 14:56:53 2019
elapsed time: 6 seconds (0d 0h 0m 6s)

